{"C:\\Lucas\\Projetos\\Node_TS_Express\\tali\\src\\app.ts":{"path":"C:\\Lucas\\Projetos\\Node_TS_Express\\tali\\src\\app.ts","statementMap":{"0":{"start":{"line":2,"column":16},"end":{"line":9,"column":1}},"1":{"start":{"line":3,"column":4},"end":{"line":8,"column":7}},"2":{"start":{"line":4,"column":36},"end":{"line":4,"column":97}},"3":{"start":{"line":4,"column":42},"end":{"line":4,"column":70}},"4":{"start":{"line":4,"column":85},"end":{"line":4,"column":95}},"5":{"start":{"line":5,"column":35},"end":{"line":5,"column":100}},"6":{"start":{"line":5,"column":41},"end":{"line":5,"column":73}},"7":{"start":{"line":5,"column":88},"end":{"line":5,"column":98}},"8":{"start":{"line":6,"column":32},"end":{"line":6,"column":149}},"9":{"start":{"line":6,"column":97},"end":{"line":6,"column":119}},"10":{"start":{"line":7,"column":8},"end":{"line":7,"column":78}},"11":{"start":{"line":10,"column":18},"end":{"line":36,"column":1}},"12":{"start":{"line":11,"column":12},"end":{"line":11,"column":104}},"13":{"start":{"line":11,"column":43},"end":{"line":11,"column":68}},"14":{"start":{"line":11,"column":57},"end":{"line":11,"column":68}},"15":{"start":{"line":11,"column":69},"end":{"line":11,"column":81}},"16":{"start":{"line":12,"column":4},"end":{"line":12,"column":157}},"17":{"start":{"line":12,"column":138},"end":{"line":12,"column":150}},"18":{"start":{"line":13,"column":23},"end":{"line":13,"column":68}},"19":{"start":{"line":13,"column":45},"end":{"line":13,"column":65}},"20":{"start":{"line":15,"column":8},"end":{"line":15,"column":70}},"21":{"start":{"line":15,"column":15},"end":{"line":15,"column":70}},"22":{"start":{"line":16,"column":8},"end":{"line":33,"column":66}},"23":{"start":{"line":16,"column":18},"end":{"line":33,"column":66}},"24":{"start":{"line":17,"column":12},"end":{"line":17,"column":169}},"25":{"start":{"line":17,"column":160},"end":{"line":17,"column":169}},"26":{"start":{"line":18,"column":12},"end":{"line":18,"column":52}},"27":{"start":{"line":18,"column":26},"end":{"line":18,"column":52}},"28":{"start":{"line":19,"column":12},"end":{"line":31,"column":13}},"29":{"start":{"line":20,"column":32},"end":{"line":20,"column":39}},"30":{"start":{"line":20,"column":40},"end":{"line":20,"column":46}},"31":{"start":{"line":21,"column":24},"end":{"line":21,"column":34}},"32":{"start":{"line":21,"column":35},"end":{"line":21,"column":72}},"33":{"start":{"line":22,"column":24},"end":{"line":22,"column":34}},"34":{"start":{"line":22,"column":35},"end":{"line":22,"column":45}},"35":{"start":{"line":22,"column":46},"end":{"line":22,"column":55}},"36":{"start":{"line":22,"column":56},"end":{"line":22,"column":65}},"37":{"start":{"line":23,"column":24},"end":{"line":23,"column":41}},"38":{"start":{"line":23,"column":42},"end":{"line":23,"column":55}},"39":{"start":{"line":23,"column":56},"end":{"line":23,"column":65}},"40":{"start":{"line":25,"column":20},"end":{"line":25,"column":128}},"41":{"start":{"line":25,"column":110},"end":{"line":25,"column":116}},"42":{"start":{"line":25,"column":117},"end":{"line":25,"column":126}},"43":{"start":{"line":26,"column":20},"end":{"line":26,"column":106}},"44":{"start":{"line":26,"column":81},"end":{"line":26,"column":97}},"45":{"start":{"line":26,"column":98},"end":{"line":26,"column":104}},"46":{"start":{"line":27,"column":20},"end":{"line":27,"column":89}},"47":{"start":{"line":27,"column":57},"end":{"line":27,"column":72}},"48":{"start":{"line":27,"column":73},"end":{"line":27,"column":80}},"49":{"start":{"line":27,"column":81},"end":{"line":27,"column":87}},"50":{"start":{"line":28,"column":20},"end":{"line":28,"column":87}},"51":{"start":{"line":28,"column":47},"end":{"line":28,"column":62}},"52":{"start":{"line":28,"column":63},"end":{"line":28,"column":78}},"53":{"start":{"line":28,"column":79},"end":{"line":28,"column":85}},"54":{"start":{"line":29,"column":20},"end":{"line":29,"column":42}},"55":{"start":{"line":29,"column":30},"end":{"line":29,"column":42}},"56":{"start":{"line":30,"column":20},"end":{"line":30,"column":33}},"57":{"start":{"line":30,"column":34},"end":{"line":30,"column":43}},"58":{"start":{"line":32,"column":12},"end":{"line":32,"column":39}},"59":{"start":{"line":33,"column":22},"end":{"line":33,"column":34}},"60":{"start":{"line":33,"column":35},"end":{"line":33,"column":41}},"61":{"start":{"line":33,"column":54},"end":{"line":33,"column":64}},"62":{"start":{"line":34,"column":8},"end":{"line":34,"column":35}},"63":{"start":{"line":34,"column":23},"end":{"line":34,"column":35}},"64":{"start":{"line":34,"column":36},"end":{"line":34,"column":89}},"65":{"start":{"line":37,"column":22},"end":{"line":39,"column":1}},"66":{"start":{"line":38,"column":4},"end":{"line":38,"column":62}},"67":{"start":{"line":40,"column":0},"end":{"line":40,"column":62}},"68":{"start":{"line":41,"column":16},"end":{"line":41,"column":51}},"69":{"start":{"line":42,"column":20},"end":{"line":42,"column":59}},"70":{"start":{"line":43,"column":11},"end":{"line":43,"column":26}},"71":{"start":{"line":44,"column":24},"end":{"line":44,"column":72}},"72":{"start":{"line":45,"column":23},"end":{"line":45,"column":70}},"73":{"start":{"line":46,"column":24},"end":{"line":46,"column":72}},"74":{"start":{"line":47,"column":27},"end":{"line":47,"column":78}},"75":{"start":{"line":49,"column":4},"end":{"line":78,"column":7}},"76":{"start":{"line":51,"column":8},"end":{"line":77,"column":11}},"77":{"start":{"line":52,"column":12},"end":{"line":76,"column":13}},"78":{"start":{"line":55,"column":16},"end":{"line":55,"column":64}},"79":{"start":{"line":58,"column":20},"end":{"line":58,"column":30}},"80":{"start":{"line":59,"column":20},"end":{"line":59,"column":46}},"81":{"start":{"line":61,"column":20},"end":{"line":61,"column":58}},"82":{"start":{"line":62,"column":20},"end":{"line":62,"column":82}},"83":{"start":{"line":64,"column":20},"end":{"line":66,"column":23}},"84":{"start":{"line":65,"column":24},"end":{"line":65,"column":59}},"85":{"start":{"line":67,"column":20},"end":{"line":67,"column":76}},"86":{"start":{"line":68,"column":20},"end":{"line":68,"column":76}},"87":{"start":{"line":69,"column":20},"end":{"line":69,"column":75}},"88":{"start":{"line":70,"column":20},"end":{"line":70,"column":84}},"89":{"start":{"line":71,"column":20},"end":{"line":71,"column":62}},"90":{"start":{"line":72,"column":20},"end":{"line":72,"column":62}},"91":{"start":{"line":73,"column":20},"end":{"line":73,"column":60}},"92":{"start":{"line":74,"column":20},"end":{"line":74,"column":67}},"93":{"start":{"line":75,"column":20},"end":{"line":75,"column":47}},"94":{"start":{"line":80,"column":0},"end":{"line":80,"column":30}}},"fnMap":{"0":{"name":"(anonymous_0)","decl":{"start":{"line":2,"column":44},"end":{"line":2,"column":45}},"loc":{"start":{"line":2,"column":89},"end":{"line":9,"column":1}},"line":2},"1":{"name":"(anonymous_1)","decl":{"start":{"line":3,"column":36},"end":{"line":3,"column":37}},"loc":{"start":{"line":3,"column":63},"end":{"line":8,"column":5}},"line":3},"2":{"name":"fulfilled","decl":{"start":{"line":4,"column":17},"end":{"line":4,"column":26}},"loc":{"start":{"line":4,"column":34},"end":{"line":4,"column":99}},"line":4},"3":{"name":"rejected","decl":{"start":{"line":5,"column":17},"end":{"line":5,"column":25}},"loc":{"start":{"line":5,"column":33},"end":{"line":5,"column":102}},"line":5},"4":{"name":"step","decl":{"start":{"line":6,"column":17},"end":{"line":6,"column":21}},"loc":{"start":{"line":6,"column":30},"end":{"line":6,"column":151}},"line":6},"5":{"name":"(anonymous_5)","decl":{"start":{"line":6,"column":76},"end":{"line":6,"column":77}},"loc":{"start":{"line":6,"column":95},"end":{"line":6,"column":121}},"line":6},"6":{"name":"(anonymous_6)","decl":{"start":{"line":10,"column":48},"end":{"line":10,"column":49}},"loc":{"start":{"line":10,"column":73},"end":{"line":36,"column":1}},"line":10},"7":{"name":"(anonymous_7)","decl":{"start":{"line":11,"column":30},"end":{"line":11,"column":31}},"loc":{"start":{"line":11,"column":41},"end":{"line":11,"column":83}},"line":11},"8":{"name":"(anonymous_8)","decl":{"start":{"line":12,"column":125},"end":{"line":12,"column":126}},"loc":{"start":{"line":12,"column":136},"end":{"line":12,"column":152}},"line":12},"9":{"name":"verb","decl":{"start":{"line":13,"column":13},"end":{"line":13,"column":17}},"loc":{"start":{"line":13,"column":21},"end":{"line":13,"column":70}},"line":13},"10":{"name":"(anonymous_10)","decl":{"start":{"line":13,"column":30},"end":{"line":13,"column":31}},"loc":{"start":{"line":13,"column":43},"end":{"line":13,"column":67}},"line":13},"11":{"name":"step","decl":{"start":{"line":14,"column":13},"end":{"line":14,"column":17}},"loc":{"start":{"line":14,"column":22},"end":{"line":35,"column":5}},"line":14},"12":{"name":"(anonymous_12)","decl":{"start":{"line":37,"column":56},"end":{"line":37,"column":57}},"loc":{"start":{"line":37,"column":71},"end":{"line":39,"column":1}},"line":37},"13":{"name":"createApp","decl":{"start":{"line":48,"column":9},"end":{"line":48,"column":18}},"loc":{"start":{"line":48,"column":21},"end":{"line":79,"column":1}},"line":48},"14":{"name":"(anonymous_14)","decl":{"start":{"line":49,"column":43},"end":{"line":49,"column":44}},"loc":{"start":{"line":49,"column":55},"end":{"line":78,"column":5}},"line":49},"15":{"name":"(anonymous_15)","decl":{"start":{"line":51,"column":33},"end":{"line":51,"column":34}},"loc":{"start":{"line":51,"column":47},"end":{"line":77,"column":9}},"line":51},"16":{"name":"(anonymous_16)","decl":{"start":{"line":64,"column":33},"end":{"line":64,"column":34}},"loc":{"start":{"line":64,"column":53},"end":{"line":66,"column":21}},"line":64}},"branchMap":{"0":{"loc":{"start":{"line":2,"column":16},"end":{"line":9,"column":1}},"type":"binary-expr","locations":[{"start":{"line":2,"column":17},"end":{"line":2,"column":21}},{"start":{"line":2,"column":25},"end":{"line":2,"column":39}},{"start":{"line":2,"column":44},"end":{"line":9,"column":1}}],"line":2},"1":{"loc":{"start":{"line":3,"column":16},"end":{"line":3,"column":34}},"type":"binary-expr","locations":[{"start":{"line":3,"column":16},"end":{"line":3,"column":17}},{"start":{"line":3,"column":22},"end":{"line":3,"column":33}}],"line":3},"2":{"loc":{"start":{"line":6,"column":32},"end":{"line":6,"column":148}},"type":"cond-expr","locations":[{"start":{"line":6,"column":46},"end":{"line":6,"column":67}},{"start":{"line":6,"column":70},"end":{"line":6,"column":148}}],"line":6},"3":{"loc":{"start":{"line":7,"column":51},"end":{"line":7,"column":67}},"type":"binary-expr","locations":[{"start":{"line":7,"column":51},"end":{"line":7,"column":61}},{"start":{"line":7,"column":65},"end":{"line":7,"column":67}}],"line":7},"4":{"loc":{"start":{"line":10,"column":18},"end":{"line":36,"column":1}},"type":"binary-expr","locations":[{"start":{"line":10,"column":19},"end":{"line":10,"column":23}},{"start":{"line":10,"column":27},"end":{"line":10,"column":43}},{"start":{"line":10,"column":48},"end":{"line":36,"column":1}}],"line":10},"5":{"loc":{"start":{"line":11,"column":43},"end":{"line":11,"column":68}},"type":"if","locations":[{"start":{"line":11,"column":43},"end":{"line":11,"column":68}},{"start":{"line":11,"column":43},"end":{"line":11,"column":68}}],"line":11},"6":{"loc":{"start":{"line":12,"column":71},"end":{"line":12,"column":153}},"type":"binary-expr","locations":[{"start":{"line":12,"column":71},"end":{"line":12,"column":99}},{"start":{"line":12,"column":104},"end":{"line":12,"column":152}}],"line":12},"7":{"loc":{"start":{"line":15,"column":8},"end":{"line":15,"column":70}},"type":"if","locations":[{"start":{"line":15,"column":8},"end":{"line":15,"column":70}},{"start":{"line":15,"column":8},"end":{"line":15,"column":70}}],"line":15},"8":{"loc":{"start":{"line":17,"column":12},"end":{"line":17,"column":169}},"type":"if","locations":[{"start":{"line":17,"column":12},"end":{"line":17,"column":169}},{"start":{"line":17,"column":12},"end":{"line":17,"column":169}}],"line":17},"9":{"loc":{"start":{"line":17,"column":23},"end":{"line":17,"column":158}},"type":"binary-expr","locations":[{"start":{"line":17,"column":23},"end":{"line":17,"column":24}},{"start":{"line":17,"column":29},"end":{"line":17,"column":125}},{"start":{"line":17,"column":130},"end":{"line":17,"column":158}}],"line":17},"10":{"loc":{"start":{"line":17,"column":33},"end":{"line":17,"column":125}},"type":"cond-expr","locations":[{"start":{"line":17,"column":45},"end":{"line":17,"column":56}},{"start":{"line":17,"column":59},"end":{"line":17,"column":125}}],"line":17},"11":{"loc":{"start":{"line":17,"column":59},"end":{"line":17,"column":125}},"type":"cond-expr","locations":[{"start":{"line":17,"column":67},"end":{"line":17,"column":116}},{"start":{"line":17,"column":119},"end":{"line":17,"column":125}}],"line":17},"12":{"loc":{"start":{"line":17,"column":67},"end":{"line":17,"column":116}},"type":"binary-expr","locations":[{"start":{"line":17,"column":67},"end":{"line":17,"column":77}},{"start":{"line":17,"column":82},"end":{"line":17,"column":115}}],"line":17},"13":{"loc":{"start":{"line":17,"column":82},"end":{"line":17,"column":112}},"type":"binary-expr","locations":[{"start":{"line":17,"column":83},"end":{"line":17,"column":98}},{"start":{"line":17,"column":103},"end":{"line":17,"column":112}}],"line":17},"14":{"loc":{"start":{"line":18,"column":12},"end":{"line":18,"column":52}},"type":"if","locations":[{"start":{"line":18,"column":12},"end":{"line":18,"column":52}},{"start":{"line":18,"column":12},"end":{"line":18,"column":52}}],"line":18},"15":{"loc":{"start":{"line":19,"column":12},"end":{"line":31,"column":13}},"type":"switch","locations":[{"start":{"line":20,"column":16},"end":{"line":20,"column":23}},{"start":{"line":20,"column":24},"end":{"line":20,"column":46}},{"start":{"line":21,"column":16},"end":{"line":21,"column":72}},{"start":{"line":22,"column":16},"end":{"line":22,"column":65}},{"start":{"line":23,"column":16},"end":{"line":23,"column":65}},{"start":{"line":24,"column":16},"end":{"line":30,"column":43}}],"line":19},"16":{"loc":{"start":{"line":25,"column":20},"end":{"line":25,"column":128}},"type":"if","locations":[{"start":{"line":25,"column":20},"end":{"line":25,"column":128}},{"start":{"line":25,"column":20},"end":{"line":25,"column":128}}],"line":25},"17":{"loc":{"start":{"line":25,"column":24},"end":{"line":25,"column":106}},"type":"binary-expr","locations":[{"start":{"line":25,"column":24},"end":{"line":25,"column":74}},{"start":{"line":25,"column":79},"end":{"line":25,"column":90}},{"start":{"line":25,"column":94},"end":{"line":25,"column":105}}],"line":25},"18":{"loc":{"start":{"line":25,"column":42},"end":{"line":25,"column":73}},"type":"binary-expr","locations":[{"start":{"line":25,"column":42},"end":{"line":25,"column":54}},{"start":{"line":25,"column":58},"end":{"line":25,"column":73}}],"line":25},"19":{"loc":{"start":{"line":26,"column":20},"end":{"line":26,"column":106}},"type":"if","locations":[{"start":{"line":26,"column":20},"end":{"line":26,"column":106}},{"start":{"line":26,"column":20},"end":{"line":26,"column":106}}],"line":26},"20":{"loc":{"start":{"line":26,"column":24},"end":{"line":26,"column":77}},"type":"binary-expr","locations":[{"start":{"line":26,"column":24},"end":{"line":26,"column":35}},{"start":{"line":26,"column":40},"end":{"line":26,"column":42}},{"start":{"line":26,"column":47},"end":{"line":26,"column":59}},{"start":{"line":26,"column":63},"end":{"line":26,"column":75}}],"line":26},"21":{"loc":{"start":{"line":27,"column":20},"end":{"line":27,"column":89}},"type":"if","locations":[{"start":{"line":27,"column":20},"end":{"line":27,"column":89}},{"start":{"line":27,"column":20},"end":{"line":27,"column":89}}],"line":27},"22":{"loc":{"start":{"line":27,"column":24},"end":{"line":27,"column":53}},"type":"binary-expr","locations":[{"start":{"line":27,"column":24},"end":{"line":27,"column":35}},{"start":{"line":27,"column":39},"end":{"line":27,"column":53}}],"line":27},"23":{"loc":{"start":{"line":28,"column":20},"end":{"line":28,"column":87}},"type":"if","locations":[{"start":{"line":28,"column":20},"end":{"line":28,"column":87}},{"start":{"line":28,"column":20},"end":{"line":28,"column":87}}],"line":28},"24":{"loc":{"start":{"line":28,"column":24},"end":{"line":28,"column":43}},"type":"binary-expr","locations":[{"start":{"line":28,"column":24},"end":{"line":28,"column":25}},{"start":{"line":28,"column":29},"end":{"line":28,"column":43}}],"line":28},"25":{"loc":{"start":{"line":29,"column":20},"end":{"line":29,"column":42}},"type":"if","locations":[{"start":{"line":29,"column":20},"end":{"line":29,"column":42}},{"start":{"line":29,"column":20},"end":{"line":29,"column":42}}],"line":29},"26":{"loc":{"start":{"line":34,"column":8},"end":{"line":34,"column":35}},"type":"if","locations":[{"start":{"line":34,"column":8},"end":{"line":34,"column":35}},{"start":{"line":34,"column":8},"end":{"line":34,"column":35}}],"line":34},"27":{"loc":{"start":{"line":34,"column":52},"end":{"line":34,"column":74}},"type":"cond-expr","locations":[{"start":{"line":34,"column":60},"end":{"line":34,"column":65}},{"start":{"line":34,"column":68},"end":{"line":34,"column":74}}],"line":34},"28":{"loc":{"start":{"line":37,"column":22},"end":{"line":39,"column":1}},"type":"binary-expr","locations":[{"start":{"line":37,"column":23},"end":{"line":37,"column":27}},{"start":{"line":37,"column":31},"end":{"line":37,"column":51}},{"start":{"line":37,"column":56},"end":{"line":39,"column":1}}],"line":37},"29":{"loc":{"start":{"line":38,"column":11},"end":{"line":38,"column":61}},"type":"cond-expr","locations":[{"start":{"line":38,"column":37},"end":{"line":38,"column":40}},{"start":{"line":38,"column":43},"end":{"line":38,"column":61}}],"line":38},"30":{"loc":{"start":{"line":38,"column":12},"end":{"line":38,"column":33}},"type":"binary-expr","locations":[{"start":{"line":38,"column":12},"end":{"line":38,"column":15}},{"start":{"line":38,"column":19},"end":{"line":38,"column":33}}],"line":38},"31":{"loc":{"start":{"line":52,"column":12},"end":{"line":76,"column":13}},"type":"switch","locations":[{"start":{"line":53,"column":16},"end":{"line":55,"column":64}},{"start":{"line":56,"column":16},"end":{"line":75,"column":47}}],"line":52}},"s":{"0":0,"1":0,"2":0,"3":0,"4":0,"5":0,"6":0,"7":0,"8":0,"9":0,"10":0,"11":0,"12":0,"13":0,"14":0,"15":0,"16":0,"17":0,"18":0,"19":0,"20":0,"21":0,"22":0,"23":0,"24":0,"25":0,"26":0,"27":0,"28":0,"29":0,"30":0,"31":0,"32":0,"33":0,"34":0,"35":0,"36":0,"37":0,"38":0,"39":0,"40":0,"41":0,"42":0,"43":0,"44":0,"45":0,"46":0,"47":0,"48":0,"49":0,"50":0,"51":0,"52":0,"53":0,"54":0,"55":0,"56":0,"57":0,"58":0,"59":0,"60":0,"61":0,"62":0,"63":0,"64":0,"65":0,"66":0,"67":0,"68":0,"69":0,"70":0,"71":0,"72":0,"73":0,"74":0,"75":0,"76":0,"77":0,"78":0,"79":0,"80":0,"81":0,"82":0,"83":0,"84":0,"85":0,"86":0,"87":0,"88":0,"89":0,"90":0,"91":0,"92":0,"93":0,"94":0},"f":{"0":0,"1":0,"2":0,"3":0,"4":0,"5":0,"6":0,"7":0,"8":0,"9":0,"10":0,"11":0,"12":0,"13":0,"14":0,"15":0,"16":0},"b":{"0":[0,0,0],"1":[0,0],"2":[0,0],"3":[0,0],"4":[0,0,0],"5":[0,0],"6":[0,0],"7":[0,0],"8":[0,0],"9":[0,0,0],"10":[0,0],"11":[0,0],"12":[0,0],"13":[0,0],"14":[0,0],"15":[0,0,0,0,0,0],"16":[0,0],"17":[0,0,0],"18":[0,0],"19":[0,0],"20":[0,0,0,0],"21":[0,0],"22":[0,0],"23":[0,0],"24":[0,0],"25":[0,0],"26":[0,0],"27":[0,0],"28":[0,0,0],"29":[0,0],"30":[0,0],"31":[0,0]}},"C:\\Lucas\\Projetos\\Node_TS_Express\\tali\\src\\backend\\controllers\\auth_controller.ts":{"path":"C:\\Lucas\\Projetos\\Node_TS_Express\\tali\\src\\backend\\controllers\\auth_controller.ts","statementMap":{"0":{"start":{"line":2,"column":16},"end":{"line":9,"column":1}},"1":{"start":{"line":3,"column":4},"end":{"line":8,"column":7}},"2":{"start":{"line":4,"column":36},"end":{"line":4,"column":97}},"3":{"start":{"line":4,"column":42},"end":{"line":4,"column":70}},"4":{"start":{"line":4,"column":85},"end":{"line":4,"column":95}},"5":{"start":{"line":5,"column":35},"end":{"line":5,"column":100}},"6":{"start":{"line":5,"column":41},"end":{"line":5,"column":73}},"7":{"start":{"line":5,"column":88},"end":{"line":5,"column":98}},"8":{"start":{"line":6,"column":32},"end":{"line":6,"column":149}},"9":{"start":{"line":6,"column":97},"end":{"line":6,"column":119}},"10":{"start":{"line":7,"column":8},"end":{"line":7,"column":78}},"11":{"start":{"line":10,"column":18},"end":{"line":36,"column":1}},"12":{"start":{"line":11,"column":12},"end":{"line":11,"column":104}},"13":{"start":{"line":11,"column":43},"end":{"line":11,"column":68}},"14":{"start":{"line":11,"column":57},"end":{"line":11,"column":68}},"15":{"start":{"line":11,"column":69},"end":{"line":11,"column":81}},"16":{"start":{"line":12,"column":4},"end":{"line":12,"column":157}},"17":{"start":{"line":12,"column":138},"end":{"line":12,"column":150}},"18":{"start":{"line":13,"column":23},"end":{"line":13,"column":68}},"19":{"start":{"line":13,"column":45},"end":{"line":13,"column":65}},"20":{"start":{"line":15,"column":8},"end":{"line":15,"column":70}},"21":{"start":{"line":15,"column":15},"end":{"line":15,"column":70}},"22":{"start":{"line":16,"column":8},"end":{"line":33,"column":66}},"23":{"start":{"line":16,"column":18},"end":{"line":33,"column":66}},"24":{"start":{"line":17,"column":12},"end":{"line":17,"column":169}},"25":{"start":{"line":17,"column":160},"end":{"line":17,"column":169}},"26":{"start":{"line":18,"column":12},"end":{"line":18,"column":52}},"27":{"start":{"line":18,"column":26},"end":{"line":18,"column":52}},"28":{"start":{"line":19,"column":12},"end":{"line":31,"column":13}},"29":{"start":{"line":20,"column":32},"end":{"line":20,"column":39}},"30":{"start":{"line":20,"column":40},"end":{"line":20,"column":46}},"31":{"start":{"line":21,"column":24},"end":{"line":21,"column":34}},"32":{"start":{"line":21,"column":35},"end":{"line":21,"column":72}},"33":{"start":{"line":22,"column":24},"end":{"line":22,"column":34}},"34":{"start":{"line":22,"column":35},"end":{"line":22,"column":45}},"35":{"start":{"line":22,"column":46},"end":{"line":22,"column":55}},"36":{"start":{"line":22,"column":56},"end":{"line":22,"column":65}},"37":{"start":{"line":23,"column":24},"end":{"line":23,"column":41}},"38":{"start":{"line":23,"column":42},"end":{"line":23,"column":55}},"39":{"start":{"line":23,"column":56},"end":{"line":23,"column":65}},"40":{"start":{"line":25,"column":20},"end":{"line":25,"column":128}},"41":{"start":{"line":25,"column":110},"end":{"line":25,"column":116}},"42":{"start":{"line":25,"column":117},"end":{"line":25,"column":126}},"43":{"start":{"line":26,"column":20},"end":{"line":26,"column":106}},"44":{"start":{"line":26,"column":81},"end":{"line":26,"column":97}},"45":{"start":{"line":26,"column":98},"end":{"line":26,"column":104}},"46":{"start":{"line":27,"column":20},"end":{"line":27,"column":89}},"47":{"start":{"line":27,"column":57},"end":{"line":27,"column":72}},"48":{"start":{"line":27,"column":73},"end":{"line":27,"column":80}},"49":{"start":{"line":27,"column":81},"end":{"line":27,"column":87}},"50":{"start":{"line":28,"column":20},"end":{"line":28,"column":87}},"51":{"start":{"line":28,"column":47},"end":{"line":28,"column":62}},"52":{"start":{"line":28,"column":63},"end":{"line":28,"column":78}},"53":{"start":{"line":28,"column":79},"end":{"line":28,"column":85}},"54":{"start":{"line":29,"column":20},"end":{"line":29,"column":42}},"55":{"start":{"line":29,"column":30},"end":{"line":29,"column":42}},"56":{"start":{"line":30,"column":20},"end":{"line":30,"column":33}},"57":{"start":{"line":30,"column":34},"end":{"line":30,"column":43}},"58":{"start":{"line":32,"column":12},"end":{"line":32,"column":39}},"59":{"start":{"line":33,"column":22},"end":{"line":33,"column":34}},"60":{"start":{"line":33,"column":35},"end":{"line":33,"column":41}},"61":{"start":{"line":33,"column":54},"end":{"line":33,"column":64}},"62":{"start":{"line":34,"column":8},"end":{"line":34,"column":35}},"63":{"start":{"line":34,"column":23},"end":{"line":34,"column":35}},"64":{"start":{"line":34,"column":36},"end":{"line":34,"column":89}},"65":{"start":{"line":37,"column":19},"end":{"line":43,"column":1}},"66":{"start":{"line":38,"column":4},"end":{"line":38,"column":42}},"67":{"start":{"line":38,"column":31},"end":{"line":38,"column":42}},"68":{"start":{"line":39,"column":17},"end":{"line":39,"column":19}},"69":{"start":{"line":40,"column":4},"end":{"line":40,"column":99}},"70":{"start":{"line":40,"column":21},"end":{"line":40,"column":99}},"71":{"start":{"line":40,"column":40},"end":{"line":40,"column":99}},"72":{"start":{"line":40,"column":80},"end":{"line":40,"column":99}},"73":{"start":{"line":41,"column":4},"end":{"line":41,"column":28}},"74":{"start":{"line":42,"column":4},"end":{"line":42,"column":18}},"75":{"start":{"line":44,"column":22},"end":{"line":46,"column":1}},"76":{"start":{"line":45,"column":4},"end":{"line":45,"column":62}},"77":{"start":{"line":47,"column":0},"end":{"line":47,"column":62}},"78":{"start":{"line":48,"column":14},"end":{"line":48,"column":46}},"79":{"start":{"line":49,"column":10},"end":{"line":49,"column":38}},"80":{"start":{"line":50,"column":21},"end":{"line":50,"column":61}},"81":{"start":{"line":51,"column":23},"end":{"line":51,"column":64}},"82":{"start":{"line":53,"column":16},"end":{"line":53,"column":20}},"83":{"start":{"line":54,"column":22},"end":{"line":54,"column":45}},"84":{"start":{"line":55,"column":25},"end":{"line":55,"column":61}},"85":{"start":{"line":56,"column":17},"end":{"line":56,"column":33}},"86":{"start":{"line":57,"column":28},"end":{"line":60,"column":5}},"87":{"start":{"line":62,"column":4},"end":{"line":93,"column":7}},"88":{"start":{"line":63,"column":8},"end":{"line":92,"column":17}},"89":{"start":{"line":63,"column":23},"end":{"line":92,"column":11}},"90":{"start":{"line":65,"column":12},"end":{"line":91,"column":15}},"91":{"start":{"line":66,"column":16},"end":{"line":90,"column":17}},"92":{"start":{"line":68,"column":24},"end":{"line":68,"column":47}},"93":{"start":{"line":69,"column":24},"end":{"line":69,"column":78}},"94":{"start":{"line":70,"column":24},"end":{"line":70,"column":67}},"95":{"start":{"line":70,"column":43},"end":{"line":70,"column":67}},"96":{"start":{"line":71,"column":24},"end":{"line":71,"column":47}},"97":{"start":{"line":72,"column":24},"end":{"line":72,"column":48}},"98":{"start":{"line":73,"column":28},"end":{"line":73,"column":86}},"99":{"start":{"line":75,"column":24},"end":{"line":75,"column":42}},"100":{"start":{"line":76,"column":24},"end":{"line":87,"column":25}},"101":{"start":{"line":77,"column":28},"end":{"line":77,"column":51}},"102":{"start":{"line":80,"column":28},"end":{"line":86,"column":29}},"103":{"start":{"line":81,"column":32},"end":{"line":81,"column":55}},"104":{"start":{"line":84,"column":32},"end":{"line":84,"column":99}},"105":{"start":{"line":85,"column":32},"end":{"line":85,"column":66}},"106":{"start":{"line":88,"column":24},"end":{"line":88,"column":37}},"107":{"start":{"line":89,"column":28},"end":{"line":89,"column":50}},"108":{"start":{"line":94,"column":4},"end":{"line":94,"column":18}},"109":{"start":{"line":96,"column":0},"end":{"line":96,"column":46}}},"fnMap":{"0":{"name":"(anonymous_0)","decl":{"start":{"line":2,"column":44},"end":{"line":2,"column":45}},"loc":{"start":{"line":2,"column":89},"end":{"line":9,"column":1}},"line":2},"1":{"name":"(anonymous_1)","decl":{"start":{"line":3,"column":36},"end":{"line":3,"column":37}},"loc":{"start":{"line":3,"column":63},"end":{"line":8,"column":5}},"line":3},"2":{"name":"fulfilled","decl":{"start":{"line":4,"column":17},"end":{"line":4,"column":26}},"loc":{"start":{"line":4,"column":34},"end":{"line":4,"column":99}},"line":4},"3":{"name":"rejected","decl":{"start":{"line":5,"column":17},"end":{"line":5,"column":25}},"loc":{"start":{"line":5,"column":33},"end":{"line":5,"column":102}},"line":5},"4":{"name":"step","decl":{"start":{"line":6,"column":17},"end":{"line":6,"column":21}},"loc":{"start":{"line":6,"column":30},"end":{"line":6,"column":151}},"line":6},"5":{"name":"(anonymous_5)","decl":{"start":{"line":6,"column":76},"end":{"line":6,"column":77}},"loc":{"start":{"line":6,"column":95},"end":{"line":6,"column":121}},"line":6},"6":{"name":"(anonymous_6)","decl":{"start":{"line":10,"column":48},"end":{"line":10,"column":49}},"loc":{"start":{"line":10,"column":73},"end":{"line":36,"column":1}},"line":10},"7":{"name":"(anonymous_7)","decl":{"start":{"line":11,"column":30},"end":{"line":11,"column":31}},"loc":{"start":{"line":11,"column":41},"end":{"line":11,"column":83}},"line":11},"8":{"name":"(anonymous_8)","decl":{"start":{"line":12,"column":125},"end":{"line":12,"column":126}},"loc":{"start":{"line":12,"column":136},"end":{"line":12,"column":152}},"line":12},"9":{"name":"verb","decl":{"start":{"line":13,"column":13},"end":{"line":13,"column":17}},"loc":{"start":{"line":13,"column":21},"end":{"line":13,"column":70}},"line":13},"10":{"name":"(anonymous_10)","decl":{"start":{"line":13,"column":30},"end":{"line":13,"column":31}},"loc":{"start":{"line":13,"column":43},"end":{"line":13,"column":67}},"line":13},"11":{"name":"step","decl":{"start":{"line":14,"column":13},"end":{"line":14,"column":17}},"loc":{"start":{"line":14,"column":22},"end":{"line":35,"column":5}},"line":14},"12":{"name":"(anonymous_12)","decl":{"start":{"line":37,"column":50},"end":{"line":37,"column":51}},"loc":{"start":{"line":37,"column":65},"end":{"line":43,"column":1}},"line":37},"13":{"name":"(anonymous_13)","decl":{"start":{"line":44,"column":56},"end":{"line":44,"column":57}},"loc":{"start":{"line":44,"column":71},"end":{"line":46,"column":1}},"line":44},"14":{"name":"getAuthController","decl":{"start":{"line":52,"column":9},"end":{"line":52,"column":26}},"loc":{"start":{"line":52,"column":29},"end":{"line":95,"column":1}},"line":52},"15":{"name":"(anonymous_15)","decl":{"start":{"line":62,"column":26},"end":{"line":62,"column":27}},"loc":{"start":{"line":62,"column":46},"end":{"line":93,"column":5}},"line":62},"16":{"name":"(anonymous_16)","decl":{"start":{"line":63,"column":9},"end":{"line":63,"column":10}},"loc":{"start":{"line":63,"column":21},"end":{"line":92,"column":13}},"line":63},"17":{"name":"(anonymous_17)","decl":{"start":{"line":63,"column":63},"end":{"line":63,"column":64}},"loc":{"start":{"line":63,"column":75},"end":{"line":92,"column":9}},"line":63},"18":{"name":"(anonymous_18)","decl":{"start":{"line":65,"column":37},"end":{"line":65,"column":38}},"loc":{"start":{"line":65,"column":51},"end":{"line":91,"column":13}},"line":65}},"branchMap":{"0":{"loc":{"start":{"line":2,"column":16},"end":{"line":9,"column":1}},"type":"binary-expr","locations":[{"start":{"line":2,"column":17},"end":{"line":2,"column":21}},{"start":{"line":2,"column":25},"end":{"line":2,"column":39}},{"start":{"line":2,"column":44},"end":{"line":9,"column":1}}],"line":2},"1":{"loc":{"start":{"line":3,"column":16},"end":{"line":3,"column":34}},"type":"binary-expr","locations":[{"start":{"line":3,"column":16},"end":{"line":3,"column":17}},{"start":{"line":3,"column":22},"end":{"line":3,"column":33}}],"line":3},"2":{"loc":{"start":{"line":6,"column":32},"end":{"line":6,"column":148}},"type":"cond-expr","locations":[{"start":{"line":6,"column":46},"end":{"line":6,"column":67}},{"start":{"line":6,"column":70},"end":{"line":6,"column":148}}],"line":6},"3":{"loc":{"start":{"line":7,"column":51},"end":{"line":7,"column":67}},"type":"binary-expr","locations":[{"start":{"line":7,"column":51},"end":{"line":7,"column":61}},{"start":{"line":7,"column":65},"end":{"line":7,"column":67}}],"line":7},"4":{"loc":{"start":{"line":10,"column":18},"end":{"line":36,"column":1}},"type":"binary-expr","locations":[{"start":{"line":10,"column":19},"end":{"line":10,"column":23}},{"start":{"line":10,"column":27},"end":{"line":10,"column":43}},{"start":{"line":10,"column":48},"end":{"line":36,"column":1}}],"line":10},"5":{"loc":{"start":{"line":11,"column":43},"end":{"line":11,"column":68}},"type":"if","locations":[{"start":{"line":11,"column":43},"end":{"line":11,"column":68}},{"start":{"line":11,"column":43},"end":{"line":11,"column":68}}],"line":11},"6":{"loc":{"start":{"line":12,"column":71},"end":{"line":12,"column":153}},"type":"binary-expr","locations":[{"start":{"line":12,"column":71},"end":{"line":12,"column":99}},{"start":{"line":12,"column":104},"end":{"line":12,"column":152}}],"line":12},"7":{"loc":{"start":{"line":15,"column":8},"end":{"line":15,"column":70}},"type":"if","locations":[{"start":{"line":15,"column":8},"end":{"line":15,"column":70}},{"start":{"line":15,"column":8},"end":{"line":15,"column":70}}],"line":15},"8":{"loc":{"start":{"line":17,"column":12},"end":{"line":17,"column":169}},"type":"if","locations":[{"start":{"line":17,"column":12},"end":{"line":17,"column":169}},{"start":{"line":17,"column":12},"end":{"line":17,"column":169}}],"line":17},"9":{"loc":{"start":{"line":17,"column":23},"end":{"line":17,"column":158}},"type":"binary-expr","locations":[{"start":{"line":17,"column":23},"end":{"line":17,"column":24}},{"start":{"line":17,"column":29},"end":{"line":17,"column":125}},{"start":{"line":17,"column":130},"end":{"line":17,"column":158}}],"line":17},"10":{"loc":{"start":{"line":17,"column":33},"end":{"line":17,"column":125}},"type":"cond-expr","locations":[{"start":{"line":17,"column":45},"end":{"line":17,"column":56}},{"start":{"line":17,"column":59},"end":{"line":17,"column":125}}],"line":17},"11":{"loc":{"start":{"line":17,"column":59},"end":{"line":17,"column":125}},"type":"cond-expr","locations":[{"start":{"line":17,"column":67},"end":{"line":17,"column":116}},{"start":{"line":17,"column":119},"end":{"line":17,"column":125}}],"line":17},"12":{"loc":{"start":{"line":17,"column":67},"end":{"line":17,"column":116}},"type":"binary-expr","locations":[{"start":{"line":17,"column":67},"end":{"line":17,"column":77}},{"start":{"line":17,"column":82},"end":{"line":17,"column":115}}],"line":17},"13":{"loc":{"start":{"line":17,"column":82},"end":{"line":17,"column":112}},"type":"binary-expr","locations":[{"start":{"line":17,"column":83},"end":{"line":17,"column":98}},{"start":{"line":17,"column":103},"end":{"line":17,"column":112}}],"line":17},"14":{"loc":{"start":{"line":18,"column":12},"end":{"line":18,"column":52}},"type":"if","locations":[{"start":{"line":18,"column":12},"end":{"line":18,"column":52}},{"start":{"line":18,"column":12},"end":{"line":18,"column":52}}],"line":18},"15":{"loc":{"start":{"line":19,"column":12},"end":{"line":31,"column":13}},"type":"switch","locations":[{"start":{"line":20,"column":16},"end":{"line":20,"column":23}},{"start":{"line":20,"column":24},"end":{"line":20,"column":46}},{"start":{"line":21,"column":16},"end":{"line":21,"column":72}},{"start":{"line":22,"column":16},"end":{"line":22,"column":65}},{"start":{"line":23,"column":16},"end":{"line":23,"column":65}},{"start":{"line":24,"column":16},"end":{"line":30,"column":43}}],"line":19},"16":{"loc":{"start":{"line":25,"column":20},"end":{"line":25,"column":128}},"type":"if","locations":[{"start":{"line":25,"column":20},"end":{"line":25,"column":128}},{"start":{"line":25,"column":20},"end":{"line":25,"column":128}}],"line":25},"17":{"loc":{"start":{"line":25,"column":24},"end":{"line":25,"column":106}},"type":"binary-expr","locations":[{"start":{"line":25,"column":24},"end":{"line":25,"column":74}},{"start":{"line":25,"column":79},"end":{"line":25,"column":90}},{"start":{"line":25,"column":94},"end":{"line":25,"column":105}}],"line":25},"18":{"loc":{"start":{"line":25,"column":42},"end":{"line":25,"column":73}},"type":"binary-expr","locations":[{"start":{"line":25,"column":42},"end":{"line":25,"column":54}},{"start":{"line":25,"column":58},"end":{"line":25,"column":73}}],"line":25},"19":{"loc":{"start":{"line":26,"column":20},"end":{"line":26,"column":106}},"type":"if","locations":[{"start":{"line":26,"column":20},"end":{"line":26,"column":106}},{"start":{"line":26,"column":20},"end":{"line":26,"column":106}}],"line":26},"20":{"loc":{"start":{"line":26,"column":24},"end":{"line":26,"column":77}},"type":"binary-expr","locations":[{"start":{"line":26,"column":24},"end":{"line":26,"column":35}},{"start":{"line":26,"column":40},"end":{"line":26,"column":42}},{"start":{"line":26,"column":47},"end":{"line":26,"column":59}},{"start":{"line":26,"column":63},"end":{"line":26,"column":75}}],"line":26},"21":{"loc":{"start":{"line":27,"column":20},"end":{"line":27,"column":89}},"type":"if","locations":[{"start":{"line":27,"column":20},"end":{"line":27,"column":89}},{"start":{"line":27,"column":20},"end":{"line":27,"column":89}}],"line":27},"22":{"loc":{"start":{"line":27,"column":24},"end":{"line":27,"column":53}},"type":"binary-expr","locations":[{"start":{"line":27,"column":24},"end":{"line":27,"column":35}},{"start":{"line":27,"column":39},"end":{"line":27,"column":53}}],"line":27},"23":{"loc":{"start":{"line":28,"column":20},"end":{"line":28,"column":87}},"type":"if","locations":[{"start":{"line":28,"column":20},"end":{"line":28,"column":87}},{"start":{"line":28,"column":20},"end":{"line":28,"column":87}}],"line":28},"24":{"loc":{"start":{"line":28,"column":24},"end":{"line":28,"column":43}},"type":"binary-expr","locations":[{"start":{"line":28,"column":24},"end":{"line":28,"column":25}},{"start":{"line":28,"column":29},"end":{"line":28,"column":43}}],"line":28},"25":{"loc":{"start":{"line":29,"column":20},"end":{"line":29,"column":42}},"type":"if","locations":[{"start":{"line":29,"column":20},"end":{"line":29,"column":42}},{"start":{"line":29,"column":20},"end":{"line":29,"column":42}}],"line":29},"26":{"loc":{"start":{"line":34,"column":8},"end":{"line":34,"column":35}},"type":"if","locations":[{"start":{"line":34,"column":8},"end":{"line":34,"column":35}},{"start":{"line":34,"column":8},"end":{"line":34,"column":35}}],"line":34},"27":{"loc":{"start":{"line":34,"column":52},"end":{"line":34,"column":74}},"type":"cond-expr","locations":[{"start":{"line":34,"column":60},"end":{"line":34,"column":65}},{"start":{"line":34,"column":68},"end":{"line":34,"column":74}}],"line":34},"28":{"loc":{"start":{"line":37,"column":19},"end":{"line":43,"column":1}},"type":"binary-expr","locations":[{"start":{"line":37,"column":20},"end":{"line":37,"column":24}},{"start":{"line":37,"column":28},"end":{"line":37,"column":45}},{"start":{"line":37,"column":50},"end":{"line":43,"column":1}}],"line":37},"29":{"loc":{"start":{"line":38,"column":4},"end":{"line":38,"column":42}},"type":"if","locations":[{"start":{"line":38,"column":4},"end":{"line":38,"column":42}},{"start":{"line":38,"column":4},"end":{"line":38,"column":42}}],"line":38},"30":{"loc":{"start":{"line":38,"column":8},"end":{"line":38,"column":29}},"type":"binary-expr","locations":[{"start":{"line":38,"column":8},"end":{"line":38,"column":11}},{"start":{"line":38,"column":15},"end":{"line":38,"column":29}}],"line":38},"31":{"loc":{"start":{"line":40,"column":4},"end":{"line":40,"column":99}},"type":"if","locations":[{"start":{"line":40,"column":4},"end":{"line":40,"column":99}},{"start":{"line":40,"column":4},"end":{"line":40,"column":99}}],"line":40},"32":{"loc":{"start":{"line":40,"column":40},"end":{"line":40,"column":99}},"type":"if","locations":[{"start":{"line":40,"column":40},"end":{"line":40,"column":99}},{"start":{"line":40,"column":40},"end":{"line":40,"column":99}}],"line":40},"33":{"loc":{"start":{"line":44,"column":22},"end":{"line":46,"column":1}},"type":"binary-expr","locations":[{"start":{"line":44,"column":23},"end":{"line":44,"column":27}},{"start":{"line":44,"column":31},"end":{"line":44,"column":51}},{"start":{"line":44,"column":56},"end":{"line":46,"column":1}}],"line":44},"34":{"loc":{"start":{"line":45,"column":11},"end":{"line":45,"column":61}},"type":"cond-expr","locations":[{"start":{"line":45,"column":37},"end":{"line":45,"column":40}},{"start":{"line":45,"column":43},"end":{"line":45,"column":61}}],"line":45},"35":{"loc":{"start":{"line":45,"column":12},"end":{"line":45,"column":33}},"type":"binary-expr","locations":[{"start":{"line":45,"column":12},"end":{"line":45,"column":15}},{"start":{"line":45,"column":19},"end":{"line":45,"column":33}}],"line":45},"36":{"loc":{"start":{"line":66,"column":16},"end":{"line":90,"column":17}},"type":"switch","locations":[{"start":{"line":67,"column":20},"end":{"line":72,"column":48}},{"start":{"line":73,"column":20},"end":{"line":73,"column":86}},{"start":{"line":74,"column":20},"end":{"line":88,"column":37}},{"start":{"line":89,"column":20},"end":{"line":89,"column":50}}],"line":66},"37":{"loc":{"start":{"line":70,"column":24},"end":{"line":70,"column":67}},"type":"if","locations":[{"start":{"line":70,"column":24},"end":{"line":70,"column":67}},{"start":{"line":70,"column":24},"end":{"line":70,"column":67}}],"line":70},"38":{"loc":{"start":{"line":76,"column":24},"end":{"line":87,"column":25}},"type":"if","locations":[{"start":{"line":76,"column":24},"end":{"line":87,"column":25}},{"start":{"line":76,"column":24},"end":{"line":87,"column":25}}],"line":76},"39":{"loc":{"start":{"line":80,"column":28},"end":{"line":86,"column":29}},"type":"if","locations":[{"start":{"line":80,"column":28},"end":{"line":86,"column":29}},{"start":{"line":80,"column":28},"end":{"line":86,"column":29}}],"line":80}},"s":{"0":0,"1":0,"2":0,"3":0,"4":0,"5":0,"6":0,"7":0,"8":0,"9":0,"10":0,"11":0,"12":0,"13":0,"14":0,"15":0,"16":0,"17":0,"18":0,"19":0,"20":0,"21":0,"22":0,"23":0,"24":0,"25":0,"26":0,"27":0,"28":0,"29":0,"30":0,"31":0,"32":0,"33":0,"34":0,"35":0,"36":0,"37":0,"38":0,"39":0,"40":0,"41":0,"42":0,"43":0,"44":0,"45":0,"46":0,"47":0,"48":0,"49":0,"50":0,"51":0,"52":0,"53":0,"54":0,"55":0,"56":0,"57":0,"58":0,"59":0,"60":0,"61":0,"62":0,"63":0,"64":0,"65":0,"66":0,"67":0,"68":0,"69":0,"70":0,"71":0,"72":0,"73":0,"74":0,"75":0,"76":0,"77":0,"78":0,"79":0,"80":0,"81":0,"82":0,"83":0,"84":0,"85":0,"86":0,"87":0,"88":0,"89":0,"90":0,"91":0,"92":0,"93":0,"94":0,"95":0,"96":0,"97":0,"98":0,"99":0,"100":0,"101":0,"102":0,"103":0,"104":0,"105":0,"106":0,"107":0,"108":0,"109":0},"f":{"0":0,"1":0,"2":0,"3":0,"4":0,"5":0,"6":0,"7":0,"8":0,"9":0,"10":0,"11":0,"12":0,"13":0,"14":0,"15":0,"16":0,"17":0,"18":0},"b":{"0":[0,0,0],"1":[0,0],"2":[0,0],"3":[0,0],"4":[0,0,0],"5":[0,0],"6":[0,0],"7":[0,0],"8":[0,0],"9":[0,0,0],"10":[0,0],"11":[0,0],"12":[0,0],"13":[0,0],"14":[0,0],"15":[0,0,0,0,0,0],"16":[0,0],"17":[0,0,0],"18":[0,0],"19":[0,0],"20":[0,0,0,0],"21":[0,0],"22":[0,0],"23":[0,0],"24":[0,0],"25":[0,0],"26":[0,0],"27":[0,0],"28":[0,0,0],"29":[0,0],"30":[0,0],"31":[0,0],"32":[0,0],"33":[0,0,0],"34":[0,0],"35":[0,0],"36":[0,0,0,0],"37":[0,0],"38":[0,0],"39":[0,0]}},"C:\\Lucas\\Projetos\\Node_TS_Express\\tali\\src\\backend\\controllers\\comment_controller.ts":{"path":"C:\\Lucas\\Projetos\\Node_TS_Express\\tali\\src\\backend\\controllers\\comment_controller.ts","statementMap":{"0":{"start":{"line":2,"column":16},"end":{"line":9,"column":1}},"1":{"start":{"line":3,"column":4},"end":{"line":8,"column":7}},"2":{"start":{"line":4,"column":36},"end":{"line":4,"column":97}},"3":{"start":{"line":4,"column":42},"end":{"line":4,"column":70}},"4":{"start":{"line":4,"column":85},"end":{"line":4,"column":95}},"5":{"start":{"line":5,"column":35},"end":{"line":5,"column":100}},"6":{"start":{"line":5,"column":41},"end":{"line":5,"column":73}},"7":{"start":{"line":5,"column":88},"end":{"line":5,"column":98}},"8":{"start":{"line":6,"column":32},"end":{"line":6,"column":149}},"9":{"start":{"line":6,"column":97},"end":{"line":6,"column":119}},"10":{"start":{"line":7,"column":8},"end":{"line":7,"column":78}},"11":{"start":{"line":10,"column":18},"end":{"line":36,"column":1}},"12":{"start":{"line":11,"column":12},"end":{"line":11,"column":104}},"13":{"start":{"line":11,"column":43},"end":{"line":11,"column":68}},"14":{"start":{"line":11,"column":57},"end":{"line":11,"column":68}},"15":{"start":{"line":11,"column":69},"end":{"line":11,"column":81}},"16":{"start":{"line":12,"column":4},"end":{"line":12,"column":157}},"17":{"start":{"line":12,"column":138},"end":{"line":12,"column":150}},"18":{"start":{"line":13,"column":23},"end":{"line":13,"column":68}},"19":{"start":{"line":13,"column":45},"end":{"line":13,"column":65}},"20":{"start":{"line":15,"column":8},"end":{"line":15,"column":70}},"21":{"start":{"line":15,"column":15},"end":{"line":15,"column":70}},"22":{"start":{"line":16,"column":8},"end":{"line":33,"column":66}},"23":{"start":{"line":16,"column":18},"end":{"line":33,"column":66}},"24":{"start":{"line":17,"column":12},"end":{"line":17,"column":169}},"25":{"start":{"line":17,"column":160},"end":{"line":17,"column":169}},"26":{"start":{"line":18,"column":12},"end":{"line":18,"column":52}},"27":{"start":{"line":18,"column":26},"end":{"line":18,"column":52}},"28":{"start":{"line":19,"column":12},"end":{"line":31,"column":13}},"29":{"start":{"line":20,"column":32},"end":{"line":20,"column":39}},"30":{"start":{"line":20,"column":40},"end":{"line":20,"column":46}},"31":{"start":{"line":21,"column":24},"end":{"line":21,"column":34}},"32":{"start":{"line":21,"column":35},"end":{"line":21,"column":72}},"33":{"start":{"line":22,"column":24},"end":{"line":22,"column":34}},"34":{"start":{"line":22,"column":35},"end":{"line":22,"column":45}},"35":{"start":{"line":22,"column":46},"end":{"line":22,"column":55}},"36":{"start":{"line":22,"column":56},"end":{"line":22,"column":65}},"37":{"start":{"line":23,"column":24},"end":{"line":23,"column":41}},"38":{"start":{"line":23,"column":42},"end":{"line":23,"column":55}},"39":{"start":{"line":23,"column":56},"end":{"line":23,"column":65}},"40":{"start":{"line":25,"column":20},"end":{"line":25,"column":128}},"41":{"start":{"line":25,"column":110},"end":{"line":25,"column":116}},"42":{"start":{"line":25,"column":117},"end":{"line":25,"column":126}},"43":{"start":{"line":26,"column":20},"end":{"line":26,"column":106}},"44":{"start":{"line":26,"column":81},"end":{"line":26,"column":97}},"45":{"start":{"line":26,"column":98},"end":{"line":26,"column":104}},"46":{"start":{"line":27,"column":20},"end":{"line":27,"column":89}},"47":{"start":{"line":27,"column":57},"end":{"line":27,"column":72}},"48":{"start":{"line":27,"column":73},"end":{"line":27,"column":80}},"49":{"start":{"line":27,"column":81},"end":{"line":27,"column":87}},"50":{"start":{"line":28,"column":20},"end":{"line":28,"column":87}},"51":{"start":{"line":28,"column":47},"end":{"line":28,"column":62}},"52":{"start":{"line":28,"column":63},"end":{"line":28,"column":78}},"53":{"start":{"line":28,"column":79},"end":{"line":28,"column":85}},"54":{"start":{"line":29,"column":20},"end":{"line":29,"column":42}},"55":{"start":{"line":29,"column":30},"end":{"line":29,"column":42}},"56":{"start":{"line":30,"column":20},"end":{"line":30,"column":33}},"57":{"start":{"line":30,"column":34},"end":{"line":30,"column":43}},"58":{"start":{"line":32,"column":12},"end":{"line":32,"column":39}},"59":{"start":{"line":33,"column":22},"end":{"line":33,"column":34}},"60":{"start":{"line":33,"column":35},"end":{"line":33,"column":41}},"61":{"start":{"line":33,"column":54},"end":{"line":33,"column":64}},"62":{"start":{"line":34,"column":8},"end":{"line":34,"column":35}},"63":{"start":{"line":34,"column":23},"end":{"line":34,"column":35}},"64":{"start":{"line":34,"column":36},"end":{"line":34,"column":89}},"65":{"start":{"line":37,"column":19},"end":{"line":43,"column":1}},"66":{"start":{"line":38,"column":4},"end":{"line":38,"column":42}},"67":{"start":{"line":38,"column":31},"end":{"line":38,"column":42}},"68":{"start":{"line":39,"column":17},"end":{"line":39,"column":19}},"69":{"start":{"line":40,"column":4},"end":{"line":40,"column":99}},"70":{"start":{"line":40,"column":21},"end":{"line":40,"column":99}},"71":{"start":{"line":40,"column":40},"end":{"line":40,"column":99}},"72":{"start":{"line":40,"column":80},"end":{"line":40,"column":99}},"73":{"start":{"line":41,"column":4},"end":{"line":41,"column":28}},"74":{"start":{"line":42,"column":4},"end":{"line":42,"column":18}},"75":{"start":{"line":44,"column":0},"end":{"line":44,"column":62}},"76":{"start":{"line":45,"column":14},"end":{"line":45,"column":46}},"77":{"start":{"line":46,"column":10},"end":{"line":46,"column":38}},"78":{"start":{"line":47,"column":26},"end":{"line":47,"column":70}},"79":{"start":{"line":48,"column":19},"end":{"line":48,"column":54}},"80":{"start":{"line":50,"column":16},"end":{"line":50,"column":20}},"81":{"start":{"line":51,"column":28},"end":{"line":51,"column":70}},"82":{"start":{"line":52,"column":17},"end":{"line":52,"column":33}},"83":{"start":{"line":53,"column":31},"end":{"line":56,"column":5}},"84":{"start":{"line":57,"column":34},"end":{"line":57,"column":61}},"85":{"start":{"line":59,"column":4},"end":{"line":81,"column":7}},"86":{"start":{"line":60,"column":8},"end":{"line":80,"column":17}},"87":{"start":{"line":60,"column":23},"end":{"line":80,"column":11}},"88":{"start":{"line":62,"column":12},"end":{"line":79,"column":15}},"89":{"start":{"line":63,"column":16},"end":{"line":78,"column":17}},"90":{"start":{"line":65,"column":24},"end":{"line":65,"column":45}},"91":{"start":{"line":66,"column":24},"end":{"line":66,"column":47}},"92":{"start":{"line":67,"column":24},"end":{"line":67,"column":81}},"93":{"start":{"line":68,"column":24},"end":{"line":71,"column":25}},"94":{"start":{"line":69,"column":28},"end":{"line":69,"column":51}},"95":{"start":{"line":70,"column":28},"end":{"line":70,"column":50}},"96":{"start":{"line":72,"column":24},"end":{"line":72,"column":59}},"97":{"start":{"line":73,"column":24},"end":{"line":73,"column":45}},"98":{"start":{"line":74,"column":24},"end":{"line":74,"column":82}},"99":{"start":{"line":76,"column":24},"end":{"line":76,"column":50}},"100":{"start":{"line":77,"column":24},"end":{"line":77,"column":46}},"101":{"start":{"line":83,"column":4},"end":{"line":116,"column":7}},"102":{"start":{"line":84,"column":8},"end":{"line":115,"column":17}},"103":{"start":{"line":84,"column":23},"end":{"line":115,"column":11}},"104":{"start":{"line":86,"column":12},"end":{"line":114,"column":15}},"105":{"start":{"line":87,"column":16},"end":{"line":113,"column":17}},"106":{"start":{"line":89,"column":24},"end":{"line":89,"column":44}},"107":{"start":{"line":90,"column":24},"end":{"line":90,"column":46}},"108":{"start":{"line":91,"column":24},"end":{"line":91,"column":81}},"109":{"start":{"line":92,"column":24},"end":{"line":95,"column":25}},"110":{"start":{"line":93,"column":28},"end":{"line":93,"column":51}},"111":{"start":{"line":94,"column":28},"end":{"line":94,"column":50}},"112":{"start":{"line":96,"column":24},"end":{"line":96,"column":112}},"113":{"start":{"line":98,"column":24},"end":{"line":98,"column":48}},"114":{"start":{"line":99,"column":24},"end":{"line":102,"column":25}},"115":{"start":{"line":100,"column":28},"end":{"line":100,"column":80}},"116":{"start":{"line":101,"column":28},"end":{"line":101,"column":50}},"117":{"start":{"line":103,"column":24},"end":{"line":106,"column":25}},"118":{"start":{"line":104,"column":28},"end":{"line":104,"column":99}},"119":{"start":{"line":105,"column":28},"end":{"line":105,"column":50}},"120":{"start":{"line":107,"column":24},"end":{"line":107,"column":69}},"121":{"start":{"line":108,"column":24},"end":{"line":108,"column":82}},"122":{"start":{"line":110,"column":24},"end":{"line":110,"column":34}},"123":{"start":{"line":111,"column":24},"end":{"line":111,"column":47}},"124":{"start":{"line":112,"column":24},"end":{"line":112,"column":46}},"125":{"start":{"line":118,"column":4},"end":{"line":145,"column":7}},"126":{"start":{"line":119,"column":8},"end":{"line":144,"column":17}},"127":{"start":{"line":119,"column":23},"end":{"line":144,"column":11}},"128":{"start":{"line":121,"column":12},"end":{"line":143,"column":15}},"129":{"start":{"line":122,"column":16},"end":{"line":142,"column":17}},"130":{"start":{"line":124,"column":24},"end":{"line":124,"column":44}},"131":{"start":{"line":125,"column":24},"end":{"line":125,"column":43}},"132":{"start":{"line":126,"column":24},"end":{"line":126,"column":101}},"133":{"start":{"line":128,"column":24},"end":{"line":128,"column":38}},"134":{"start":{"line":129,"column":24},"end":{"line":132,"column":25}},"135":{"start":{"line":130,"column":28},"end":{"line":130,"column":62}},"136":{"start":{"line":131,"column":28},"end":{"line":131,"column":50}},"137":{"start":{"line":133,"column":24},"end":{"line":136,"column":25}},"138":{"start":{"line":134,"column":28},"end":{"line":134,"column":79}},"139":{"start":{"line":135,"column":28},"end":{"line":135,"column":50}},"140":{"start":{"line":137,"column":24},"end":{"line":137,"column":45}},"141":{"start":{"line":138,"column":24},"end":{"line":138,"column":75}},"142":{"start":{"line":140,"column":24},"end":{"line":140,"column":50}},"143":{"start":{"line":141,"column":24},"end":{"line":141,"column":46}},"144":{"start":{"line":146,"column":4},"end":{"line":146,"column":18}},"145":{"start":{"line":148,"column":0},"end":{"line":148,"column":52}}},"fnMap":{"0":{"name":"(anonymous_0)","decl":{"start":{"line":2,"column":44},"end":{"line":2,"column":45}},"loc":{"start":{"line":2,"column":89},"end":{"line":9,"column":1}},"line":2},"1":{"name":"(anonymous_1)","decl":{"start":{"line":3,"column":36},"end":{"line":3,"column":37}},"loc":{"start":{"line":3,"column":63},"end":{"line":8,"column":5}},"line":3},"2":{"name":"fulfilled","decl":{"start":{"line":4,"column":17},"end":{"line":4,"column":26}},"loc":{"start":{"line":4,"column":34},"end":{"line":4,"column":99}},"line":4},"3":{"name":"rejected","decl":{"start":{"line":5,"column":17},"end":{"line":5,"column":25}},"loc":{"start":{"line":5,"column":33},"end":{"line":5,"column":102}},"line":5},"4":{"name":"step","decl":{"start":{"line":6,"column":17},"end":{"line":6,"column":21}},"loc":{"start":{"line":6,"column":30},"end":{"line":6,"column":151}},"line":6},"5":{"name":"(anonymous_5)","decl":{"start":{"line":6,"column":76},"end":{"line":6,"column":77}},"loc":{"start":{"line":6,"column":95},"end":{"line":6,"column":121}},"line":6},"6":{"name":"(anonymous_6)","decl":{"start":{"line":10,"column":48},"end":{"line":10,"column":49}},"loc":{"start":{"line":10,"column":73},"end":{"line":36,"column":1}},"line":10},"7":{"name":"(anonymous_7)","decl":{"start":{"line":11,"column":30},"end":{"line":11,"column":31}},"loc":{"start":{"line":11,"column":41},"end":{"line":11,"column":83}},"line":11},"8":{"name":"(anonymous_8)","decl":{"start":{"line":12,"column":125},"end":{"line":12,"column":126}},"loc":{"start":{"line":12,"column":136},"end":{"line":12,"column":152}},"line":12},"9":{"name":"verb","decl":{"start":{"line":13,"column":13},"end":{"line":13,"column":17}},"loc":{"start":{"line":13,"column":21},"end":{"line":13,"column":70}},"line":13},"10":{"name":"(anonymous_10)","decl":{"start":{"line":13,"column":30},"end":{"line":13,"column":31}},"loc":{"start":{"line":13,"column":43},"end":{"line":13,"column":67}},"line":13},"11":{"name":"step","decl":{"start":{"line":14,"column":13},"end":{"line":14,"column":17}},"loc":{"start":{"line":14,"column":22},"end":{"line":35,"column":5}},"line":14},"12":{"name":"(anonymous_12)","decl":{"start":{"line":37,"column":50},"end":{"line":37,"column":51}},"loc":{"start":{"line":37,"column":65},"end":{"line":43,"column":1}},"line":37},"13":{"name":"getCommentController","decl":{"start":{"line":49,"column":9},"end":{"line":49,"column":29}},"loc":{"start":{"line":49,"column":32},"end":{"line":147,"column":1}},"line":49},"14":{"name":"(anonymous_14)","decl":{"start":{"line":59,"column":50},"end":{"line":59,"column":51}},"loc":{"start":{"line":59,"column":70},"end":{"line":81,"column":5}},"line":59},"15":{"name":"(anonymous_15)","decl":{"start":{"line":60,"column":9},"end":{"line":60,"column":10}},"loc":{"start":{"line":60,"column":21},"end":{"line":80,"column":13}},"line":60},"16":{"name":"(anonymous_16)","decl":{"start":{"line":60,"column":63},"end":{"line":60,"column":64}},"loc":{"start":{"line":60,"column":75},"end":{"line":80,"column":9}},"line":60},"17":{"name":"(anonymous_17)","decl":{"start":{"line":62,"column":37},"end":{"line":62,"column":38}},"loc":{"start":{"line":62,"column":51},"end":{"line":79,"column":13}},"line":62},"18":{"name":"(anonymous_18)","decl":{"start":{"line":83,"column":52},"end":{"line":83,"column":53}},"loc":{"start":{"line":83,"column":72},"end":{"line":116,"column":5}},"line":83},"19":{"name":"(anonymous_19)","decl":{"start":{"line":84,"column":9},"end":{"line":84,"column":10}},"loc":{"start":{"line":84,"column":21},"end":{"line":115,"column":13}},"line":84},"20":{"name":"(anonymous_20)","decl":{"start":{"line":84,"column":63},"end":{"line":84,"column":64}},"loc":{"start":{"line":84,"column":75},"end":{"line":115,"column":9}},"line":84},"21":{"name":"(anonymous_21)","decl":{"start":{"line":86,"column":37},"end":{"line":86,"column":38}},"loc":{"start":{"line":86,"column":51},"end":{"line":114,"column":13}},"line":86},"22":{"name":"(anonymous_22)","decl":{"start":{"line":118,"column":55},"end":{"line":118,"column":56}},"loc":{"start":{"line":118,"column":75},"end":{"line":145,"column":5}},"line":118},"23":{"name":"(anonymous_23)","decl":{"start":{"line":119,"column":9},"end":{"line":119,"column":10}},"loc":{"start":{"line":119,"column":21},"end":{"line":144,"column":13}},"line":119},"24":{"name":"(anonymous_24)","decl":{"start":{"line":119,"column":63},"end":{"line":119,"column":64}},"loc":{"start":{"line":119,"column":75},"end":{"line":144,"column":9}},"line":119},"25":{"name":"(anonymous_25)","decl":{"start":{"line":121,"column":37},"end":{"line":121,"column":38}},"loc":{"start":{"line":121,"column":51},"end":{"line":143,"column":13}},"line":121}},"branchMap":{"0":{"loc":{"start":{"line":2,"column":16},"end":{"line":9,"column":1}},"type":"binary-expr","locations":[{"start":{"line":2,"column":17},"end":{"line":2,"column":21}},{"start":{"line":2,"column":25},"end":{"line":2,"column":39}},{"start":{"line":2,"column":44},"end":{"line":9,"column":1}}],"line":2},"1":{"loc":{"start":{"line":3,"column":16},"end":{"line":3,"column":34}},"type":"binary-expr","locations":[{"start":{"line":3,"column":16},"end":{"line":3,"column":17}},{"start":{"line":3,"column":22},"end":{"line":3,"column":33}}],"line":3},"2":{"loc":{"start":{"line":6,"column":32},"end":{"line":6,"column":148}},"type":"cond-expr","locations":[{"start":{"line":6,"column":46},"end":{"line":6,"column":67}},{"start":{"line":6,"column":70},"end":{"line":6,"column":148}}],"line":6},"3":{"loc":{"start":{"line":7,"column":51},"end":{"line":7,"column":67}},"type":"binary-expr","locations":[{"start":{"line":7,"column":51},"end":{"line":7,"column":61}},{"start":{"line":7,"column":65},"end":{"line":7,"column":67}}],"line":7},"4":{"loc":{"start":{"line":10,"column":18},"end":{"line":36,"column":1}},"type":"binary-expr","locations":[{"start":{"line":10,"column":19},"end":{"line":10,"column":23}},{"start":{"line":10,"column":27},"end":{"line":10,"column":43}},{"start":{"line":10,"column":48},"end":{"line":36,"column":1}}],"line":10},"5":{"loc":{"start":{"line":11,"column":43},"end":{"line":11,"column":68}},"type":"if","locations":[{"start":{"line":11,"column":43},"end":{"line":11,"column":68}},{"start":{"line":11,"column":43},"end":{"line":11,"column":68}}],"line":11},"6":{"loc":{"start":{"line":12,"column":71},"end":{"line":12,"column":153}},"type":"binary-expr","locations":[{"start":{"line":12,"column":71},"end":{"line":12,"column":99}},{"start":{"line":12,"column":104},"end":{"line":12,"column":152}}],"line":12},"7":{"loc":{"start":{"line":15,"column":8},"end":{"line":15,"column":70}},"type":"if","locations":[{"start":{"line":15,"column":8},"end":{"line":15,"column":70}},{"start":{"line":15,"column":8},"end":{"line":15,"column":70}}],"line":15},"8":{"loc":{"start":{"line":17,"column":12},"end":{"line":17,"column":169}},"type":"if","locations":[{"start":{"line":17,"column":12},"end":{"line":17,"column":169}},{"start":{"line":17,"column":12},"end":{"line":17,"column":169}}],"line":17},"9":{"loc":{"start":{"line":17,"column":23},"end":{"line":17,"column":158}},"type":"binary-expr","locations":[{"start":{"line":17,"column":23},"end":{"line":17,"column":24}},{"start":{"line":17,"column":29},"end":{"line":17,"column":125}},{"start":{"line":17,"column":130},"end":{"line":17,"column":158}}],"line":17},"10":{"loc":{"start":{"line":17,"column":33},"end":{"line":17,"column":125}},"type":"cond-expr","locations":[{"start":{"line":17,"column":45},"end":{"line":17,"column":56}},{"start":{"line":17,"column":59},"end":{"line":17,"column":125}}],"line":17},"11":{"loc":{"start":{"line":17,"column":59},"end":{"line":17,"column":125}},"type":"cond-expr","locations":[{"start":{"line":17,"column":67},"end":{"line":17,"column":116}},{"start":{"line":17,"column":119},"end":{"line":17,"column":125}}],"line":17},"12":{"loc":{"start":{"line":17,"column":67},"end":{"line":17,"column":116}},"type":"binary-expr","locations":[{"start":{"line":17,"column":67},"end":{"line":17,"column":77}},{"start":{"line":17,"column":82},"end":{"line":17,"column":115}}],"line":17},"13":{"loc":{"start":{"line":17,"column":82},"end":{"line":17,"column":112}},"type":"binary-expr","locations":[{"start":{"line":17,"column":83},"end":{"line":17,"column":98}},{"start":{"line":17,"column":103},"end":{"line":17,"column":112}}],"line":17},"14":{"loc":{"start":{"line":18,"column":12},"end":{"line":18,"column":52}},"type":"if","locations":[{"start":{"line":18,"column":12},"end":{"line":18,"column":52}},{"start":{"line":18,"column":12},"end":{"line":18,"column":52}}],"line":18},"15":{"loc":{"start":{"line":19,"column":12},"end":{"line":31,"column":13}},"type":"switch","locations":[{"start":{"line":20,"column":16},"end":{"line":20,"column":23}},{"start":{"line":20,"column":24},"end":{"line":20,"column":46}},{"start":{"line":21,"column":16},"end":{"line":21,"column":72}},{"start":{"line":22,"column":16},"end":{"line":22,"column":65}},{"start":{"line":23,"column":16},"end":{"line":23,"column":65}},{"start":{"line":24,"column":16},"end":{"line":30,"column":43}}],"line":19},"16":{"loc":{"start":{"line":25,"column":20},"end":{"line":25,"column":128}},"type":"if","locations":[{"start":{"line":25,"column":20},"end":{"line":25,"column":128}},{"start":{"line":25,"column":20},"end":{"line":25,"column":128}}],"line":25},"17":{"loc":{"start":{"line":25,"column":24},"end":{"line":25,"column":106}},"type":"binary-expr","locations":[{"start":{"line":25,"column":24},"end":{"line":25,"column":74}},{"start":{"line":25,"column":79},"end":{"line":25,"column":90}},{"start":{"line":25,"column":94},"end":{"line":25,"column":105}}],"line":25},"18":{"loc":{"start":{"line":25,"column":42},"end":{"line":25,"column":73}},"type":"binary-expr","locations":[{"start":{"line":25,"column":42},"end":{"line":25,"column":54}},{"start":{"line":25,"column":58},"end":{"line":25,"column":73}}],"line":25},"19":{"loc":{"start":{"line":26,"column":20},"end":{"line":26,"column":106}},"type":"if","locations":[{"start":{"line":26,"column":20},"end":{"line":26,"column":106}},{"start":{"line":26,"column":20},"end":{"line":26,"column":106}}],"line":26},"20":{"loc":{"start":{"line":26,"column":24},"end":{"line":26,"column":77}},"type":"binary-expr","locations":[{"start":{"line":26,"column":24},"end":{"line":26,"column":35}},{"start":{"line":26,"column":40},"end":{"line":26,"column":42}},{"start":{"line":26,"column":47},"end":{"line":26,"column":59}},{"start":{"line":26,"column":63},"end":{"line":26,"column":75}}],"line":26},"21":{"loc":{"start":{"line":27,"column":20},"end":{"line":27,"column":89}},"type":"if","locations":[{"start":{"line":27,"column":20},"end":{"line":27,"column":89}},{"start":{"line":27,"column":20},"end":{"line":27,"column":89}}],"line":27},"22":{"loc":{"start":{"line":27,"column":24},"end":{"line":27,"column":53}},"type":"binary-expr","locations":[{"start":{"line":27,"column":24},"end":{"line":27,"column":35}},{"start":{"line":27,"column":39},"end":{"line":27,"column":53}}],"line":27},"23":{"loc":{"start":{"line":28,"column":20},"end":{"line":28,"column":87}},"type":"if","locations":[{"start":{"line":28,"column":20},"end":{"line":28,"column":87}},{"start":{"line":28,"column":20},"end":{"line":28,"column":87}}],"line":28},"24":{"loc":{"start":{"line":28,"column":24},"end":{"line":28,"column":43}},"type":"binary-expr","locations":[{"start":{"line":28,"column":24},"end":{"line":28,"column":25}},{"start":{"line":28,"column":29},"end":{"line":28,"column":43}}],"line":28},"25":{"loc":{"start":{"line":29,"column":20},"end":{"line":29,"column":42}},"type":"if","locations":[{"start":{"line":29,"column":20},"end":{"line":29,"column":42}},{"start":{"line":29,"column":20},"end":{"line":29,"column":42}}],"line":29},"26":{"loc":{"start":{"line":34,"column":8},"end":{"line":34,"column":35}},"type":"if","locations":[{"start":{"line":34,"column":8},"end":{"line":34,"column":35}},{"start":{"line":34,"column":8},"end":{"line":34,"column":35}}],"line":34},"27":{"loc":{"start":{"line":34,"column":52},"end":{"line":34,"column":74}},"type":"cond-expr","locations":[{"start":{"line":34,"column":60},"end":{"line":34,"column":65}},{"start":{"line":34,"column":68},"end":{"line":34,"column":74}}],"line":34},"28":{"loc":{"start":{"line":37,"column":19},"end":{"line":43,"column":1}},"type":"binary-expr","locations":[{"start":{"line":37,"column":20},"end":{"line":37,"column":24}},{"start":{"line":37,"column":28},"end":{"line":37,"column":45}},{"start":{"line":37,"column":50},"end":{"line":43,"column":1}}],"line":37},"29":{"loc":{"start":{"line":38,"column":4},"end":{"line":38,"column":42}},"type":"if","locations":[{"start":{"line":38,"column":4},"end":{"line":38,"column":42}},{"start":{"line":38,"column":4},"end":{"line":38,"column":42}}],"line":38},"30":{"loc":{"start":{"line":38,"column":8},"end":{"line":38,"column":29}},"type":"binary-expr","locations":[{"start":{"line":38,"column":8},"end":{"line":38,"column":11}},{"start":{"line":38,"column":15},"end":{"line":38,"column":29}}],"line":38},"31":{"loc":{"start":{"line":40,"column":4},"end":{"line":40,"column":99}},"type":"if","locations":[{"start":{"line":40,"column":4},"end":{"line":40,"column":99}},{"start":{"line":40,"column":4},"end":{"line":40,"column":99}}],"line":40},"32":{"loc":{"start":{"line":40,"column":40},"end":{"line":40,"column":99}},"type":"if","locations":[{"start":{"line":40,"column":40},"end":{"line":40,"column":99}},{"start":{"line":40,"column":40},"end":{"line":40,"column":99}}],"line":40},"33":{"loc":{"start":{"line":63,"column":16},"end":{"line":78,"column":17}},"type":"switch","locations":[{"start":{"line":64,"column":20},"end":{"line":74,"column":82}},{"start":{"line":75,"column":20},"end":{"line":77,"column":46}}],"line":63},"34":{"loc":{"start":{"line":68,"column":24},"end":{"line":71,"column":25}},"type":"if","locations":[{"start":{"line":68,"column":24},"end":{"line":71,"column":25}},{"start":{"line":68,"column":24},"end":{"line":71,"column":25}}],"line":68},"35":{"loc":{"start":{"line":87,"column":16},"end":{"line":113,"column":17}},"type":"switch","locations":[{"start":{"line":88,"column":20},"end":{"line":96,"column":112}},{"start":{"line":97,"column":20},"end":{"line":108,"column":82}},{"start":{"line":109,"column":20},"end":{"line":112,"column":46}}],"line":87},"36":{"loc":{"start":{"line":92,"column":24},"end":{"line":95,"column":25}},"type":"if","locations":[{"start":{"line":92,"column":24},"end":{"line":95,"column":25}},{"start":{"line":92,"column":24},"end":{"line":95,"column":25}}],"line":92},"37":{"loc":{"start":{"line":99,"column":24},"end":{"line":102,"column":25}},"type":"if","locations":[{"start":{"line":99,"column":24},"end":{"line":102,"column":25}},{"start":{"line":99,"column":24},"end":{"line":102,"column":25}}],"line":99},"38":{"loc":{"start":{"line":103,"column":24},"end":{"line":106,"column":25}},"type":"if","locations":[{"start":{"line":103,"column":24},"end":{"line":106,"column":25}},{"start":{"line":103,"column":24},"end":{"line":106,"column":25}}],"line":103},"39":{"loc":{"start":{"line":122,"column":16},"end":{"line":142,"column":17}},"type":"switch","locations":[{"start":{"line":123,"column":20},"end":{"line":126,"column":101}},{"start":{"line":127,"column":20},"end":{"line":138,"column":75}},{"start":{"line":139,"column":20},"end":{"line":141,"column":46}}],"line":122},"40":{"loc":{"start":{"line":129,"column":24},"end":{"line":132,"column":25}},"type":"if","locations":[{"start":{"line":129,"column":24},"end":{"line":132,"column":25}},{"start":{"line":129,"column":24},"end":{"line":132,"column":25}}],"line":129},"41":{"loc":{"start":{"line":133,"column":24},"end":{"line":136,"column":25}},"type":"if","locations":[{"start":{"line":133,"column":24},"end":{"line":136,"column":25}},{"start":{"line":133,"column":24},"end":{"line":136,"column":25}}],"line":133}},"s":{"0":0,"1":0,"2":0,"3":0,"4":0,"5":0,"6":0,"7":0,"8":0,"9":0,"10":0,"11":0,"12":0,"13":0,"14":0,"15":0,"16":0,"17":0,"18":0,"19":0,"20":0,"21":0,"22":0,"23":0,"24":0,"25":0,"26":0,"27":0,"28":0,"29":0,"30":0,"31":0,"32":0,"33":0,"34":0,"35":0,"36":0,"37":0,"38":0,"39":0,"40":0,"41":0,"42":0,"43":0,"44":0,"45":0,"46":0,"47":0,"48":0,"49":0,"50":0,"51":0,"52":0,"53":0,"54":0,"55":0,"56":0,"57":0,"58":0,"59":0,"60":0,"61":0,"62":0,"63":0,"64":0,"65":0,"66":0,"67":0,"68":0,"69":0,"70":0,"71":0,"72":0,"73":0,"74":0,"75":0,"76":0,"77":0,"78":0,"79":0,"80":0,"81":0,"82":0,"83":0,"84":0,"85":0,"86":0,"87":0,"88":0,"89":0,"90":0,"91":0,"92":0,"93":0,"94":0,"95":0,"96":0,"97":0,"98":0,"99":0,"100":0,"101":0,"102":0,"103":0,"104":0,"105":0,"106":0,"107":0,"108":0,"109":0,"110":0,"111":0,"112":0,"113":0,"114":0,"115":0,"116":0,"117":0,"118":0,"119":0,"120":0,"121":0,"122":0,"123":0,"124":0,"125":0,"126":0,"127":0,"128":0,"129":0,"130":0,"131":0,"132":0,"133":0,"134":0,"135":0,"136":0,"137":0,"138":0,"139":0,"140":0,"141":0,"142":0,"143":0,"144":0,"145":0},"f":{"0":0,"1":0,"2":0,"3":0,"4":0,"5":0,"6":0,"7":0,"8":0,"9":0,"10":0,"11":0,"12":0,"13":0,"14":0,"15":0,"16":0,"17":0,"18":0,"19":0,"20":0,"21":0,"22":0,"23":0,"24":0,"25":0},"b":{"0":[0,0,0],"1":[0,0],"2":[0,0],"3":[0,0],"4":[0,0,0],"5":[0,0],"6":[0,0],"7":[0,0],"8":[0,0],"9":[0,0,0],"10":[0,0],"11":[0,0],"12":[0,0],"13":[0,0],"14":[0,0],"15":[0,0,0,0,0,0],"16":[0,0],"17":[0,0,0],"18":[0,0],"19":[0,0],"20":[0,0,0,0],"21":[0,0],"22":[0,0],"23":[0,0],"24":[0,0],"25":[0,0],"26":[0,0],"27":[0,0],"28":[0,0,0],"29":[0,0],"30":[0,0],"31":[0,0],"32":[0,0],"33":[0,0],"34":[0,0],"35":[0,0,0],"36":[0,0],"37":[0,0],"38":[0,0],"39":[0,0,0],"40":[0,0],"41":[0,0]}},"C:\\Lucas\\Projetos\\Node_TS_Express\\tali\\src\\backend\\controllers\\link_controler.ts":{"path":"C:\\Lucas\\Projetos\\Node_TS_Express\\tali\\src\\backend\\controllers\\link_controler.ts","statementMap":{"0":{"start":{"line":2,"column":16},"end":{"line":9,"column":1}},"1":{"start":{"line":3,"column":4},"end":{"line":8,"column":7}},"2":{"start":{"line":4,"column":36},"end":{"line":4,"column":97}},"3":{"start":{"line":4,"column":42},"end":{"line":4,"column":70}},"4":{"start":{"line":4,"column":85},"end":{"line":4,"column":95}},"5":{"start":{"line":5,"column":35},"end":{"line":5,"column":100}},"6":{"start":{"line":5,"column":41},"end":{"line":5,"column":73}},"7":{"start":{"line":5,"column":88},"end":{"line":5,"column":98}},"8":{"start":{"line":6,"column":32},"end":{"line":6,"column":149}},"9":{"start":{"line":6,"column":97},"end":{"line":6,"column":119}},"10":{"start":{"line":7,"column":8},"end":{"line":7,"column":78}},"11":{"start":{"line":10,"column":18},"end":{"line":36,"column":1}},"12":{"start":{"line":11,"column":12},"end":{"line":11,"column":104}},"13":{"start":{"line":11,"column":43},"end":{"line":11,"column":68}},"14":{"start":{"line":11,"column":57},"end":{"line":11,"column":68}},"15":{"start":{"line":11,"column":69},"end":{"line":11,"column":81}},"16":{"start":{"line":12,"column":4},"end":{"line":12,"column":157}},"17":{"start":{"line":12,"column":138},"end":{"line":12,"column":150}},"18":{"start":{"line":13,"column":23},"end":{"line":13,"column":68}},"19":{"start":{"line":13,"column":45},"end":{"line":13,"column":65}},"20":{"start":{"line":15,"column":8},"end":{"line":15,"column":70}},"21":{"start":{"line":15,"column":15},"end":{"line":15,"column":70}},"22":{"start":{"line":16,"column":8},"end":{"line":33,"column":66}},"23":{"start":{"line":16,"column":18},"end":{"line":33,"column":66}},"24":{"start":{"line":17,"column":12},"end":{"line":17,"column":169}},"25":{"start":{"line":17,"column":160},"end":{"line":17,"column":169}},"26":{"start":{"line":18,"column":12},"end":{"line":18,"column":52}},"27":{"start":{"line":18,"column":26},"end":{"line":18,"column":52}},"28":{"start":{"line":19,"column":12},"end":{"line":31,"column":13}},"29":{"start":{"line":20,"column":32},"end":{"line":20,"column":39}},"30":{"start":{"line":20,"column":40},"end":{"line":20,"column":46}},"31":{"start":{"line":21,"column":24},"end":{"line":21,"column":34}},"32":{"start":{"line":21,"column":35},"end":{"line":21,"column":72}},"33":{"start":{"line":22,"column":24},"end":{"line":22,"column":34}},"34":{"start":{"line":22,"column":35},"end":{"line":22,"column":45}},"35":{"start":{"line":22,"column":46},"end":{"line":22,"column":55}},"36":{"start":{"line":22,"column":56},"end":{"line":22,"column":65}},"37":{"start":{"line":23,"column":24},"end":{"line":23,"column":41}},"38":{"start":{"line":23,"column":42},"end":{"line":23,"column":55}},"39":{"start":{"line":23,"column":56},"end":{"line":23,"column":65}},"40":{"start":{"line":25,"column":20},"end":{"line":25,"column":128}},"41":{"start":{"line":25,"column":110},"end":{"line":25,"column":116}},"42":{"start":{"line":25,"column":117},"end":{"line":25,"column":126}},"43":{"start":{"line":26,"column":20},"end":{"line":26,"column":106}},"44":{"start":{"line":26,"column":81},"end":{"line":26,"column":97}},"45":{"start":{"line":26,"column":98},"end":{"line":26,"column":104}},"46":{"start":{"line":27,"column":20},"end":{"line":27,"column":89}},"47":{"start":{"line":27,"column":57},"end":{"line":27,"column":72}},"48":{"start":{"line":27,"column":73},"end":{"line":27,"column":80}},"49":{"start":{"line":27,"column":81},"end":{"line":27,"column":87}},"50":{"start":{"line":28,"column":20},"end":{"line":28,"column":87}},"51":{"start":{"line":28,"column":47},"end":{"line":28,"column":62}},"52":{"start":{"line":28,"column":63},"end":{"line":28,"column":78}},"53":{"start":{"line":28,"column":79},"end":{"line":28,"column":85}},"54":{"start":{"line":29,"column":20},"end":{"line":29,"column":42}},"55":{"start":{"line":29,"column":30},"end":{"line":29,"column":42}},"56":{"start":{"line":30,"column":20},"end":{"line":30,"column":33}},"57":{"start":{"line":30,"column":34},"end":{"line":30,"column":43}},"58":{"start":{"line":32,"column":12},"end":{"line":32,"column":39}},"59":{"start":{"line":33,"column":22},"end":{"line":33,"column":34}},"60":{"start":{"line":33,"column":35},"end":{"line":33,"column":41}},"61":{"start":{"line":33,"column":54},"end":{"line":33,"column":64}},"62":{"start":{"line":34,"column":8},"end":{"line":34,"column":35}},"63":{"start":{"line":34,"column":23},"end":{"line":34,"column":35}},"64":{"start":{"line":34,"column":36},"end":{"line":34,"column":89}},"65":{"start":{"line":37,"column":19},"end":{"line":43,"column":1}},"66":{"start":{"line":38,"column":4},"end":{"line":38,"column":42}},"67":{"start":{"line":38,"column":31},"end":{"line":38,"column":42}},"68":{"start":{"line":39,"column":17},"end":{"line":39,"column":19}},"69":{"start":{"line":40,"column":4},"end":{"line":40,"column":99}},"70":{"start":{"line":40,"column":21},"end":{"line":40,"column":99}},"71":{"start":{"line":40,"column":40},"end":{"line":40,"column":99}},"72":{"start":{"line":40,"column":80},"end":{"line":40,"column":99}},"73":{"start":{"line":41,"column":4},"end":{"line":41,"column":28}},"74":{"start":{"line":42,"column":4},"end":{"line":42,"column":18}},"75":{"start":{"line":44,"column":0},"end":{"line":44,"column":62}},"76":{"start":{"line":45,"column":14},"end":{"line":45,"column":46}},"77":{"start":{"line":46,"column":10},"end":{"line":46,"column":38}},"78":{"start":{"line":47,"column":23},"end":{"line":47,"column":64}},"79":{"start":{"line":48,"column":19},"end":{"line":48,"column":54}},"80":{"start":{"line":49,"column":23},"end":{"line":49,"column":64}},"81":{"start":{"line":51,"column":16},"end":{"line":51,"column":20}},"82":{"start":{"line":52,"column":29},"end":{"line":55,"column":5}},"83":{"start":{"line":56,"column":29},"end":{"line":78,"column":5}},"84":{"start":{"line":57,"column":8},"end":{"line":77,"column":17}},"85":{"start":{"line":57,"column":23},"end":{"line":77,"column":11}},"86":{"start":{"line":59,"column":12},"end":{"line":76,"column":15}},"87":{"start":{"line":60,"column":16},"end":{"line":75,"column":17}},"88":{"start":{"line":62,"column":24},"end":{"line":62,"column":45}},"89":{"start":{"line":63,"column":24},"end":{"line":63,"column":43}},"90":{"start":{"line":64,"column":24},"end":{"line":64,"column":75}},"91":{"start":{"line":65,"column":24},"end":{"line":68,"column":25}},"92":{"start":{"line":66,"column":28},"end":{"line":66,"column":51}},"93":{"start":{"line":67,"column":28},"end":{"line":67,"column":50}},"94":{"start":{"line":69,"column":24},"end":{"line":69,"column":55}},"95":{"start":{"line":70,"column":24},"end":{"line":70,"column":69}},"96":{"start":{"line":72,"column":24},"end":{"line":72,"column":41}},"97":{"start":{"line":73,"column":24},"end":{"line":73,"column":39}},"98":{"start":{"line":74,"column":24},"end":{"line":74,"column":46}},"99":{"start":{"line":79,"column":4},"end":{"line":81,"column":6}},"100":{"start":{"line":83,"column":0},"end":{"line":83,"column":34}},"101":{"start":{"line":85,"column":16},"end":{"line":85,"column":20}},"102":{"start":{"line":86,"column":25},"end":{"line":86,"column":61}},"103":{"start":{"line":87,"column":25},"end":{"line":87,"column":61}},"104":{"start":{"line":88,"column":19},"end":{"line":88,"column":46}},"105":{"start":{"line":89,"column":17},"end":{"line":89,"column":33}},"106":{"start":{"line":91,"column":4},"end":{"line":104,"column":7}},"107":{"start":{"line":92,"column":8},"end":{"line":103,"column":17}},"108":{"start":{"line":92,"column":23},"end":{"line":103,"column":11}},"109":{"start":{"line":94,"column":12},"end":{"line":102,"column":15}},"110":{"start":{"line":95,"column":16},"end":{"line":101,"column":17}},"111":{"start":{"line":96,"column":28},"end":{"line":96,"column":72}},"112":{"start":{"line":98,"column":24},"end":{"line":98,"column":41}},"113":{"start":{"line":99,"column":24},"end":{"line":99,"column":39}},"114":{"start":{"line":100,"column":24},"end":{"line":100,"column":46}},"115":{"start":{"line":106,"column":4},"end":{"line":120,"column":7}},"116":{"start":{"line":107,"column":8},"end":{"line":119,"column":17}},"117":{"start":{"line":107,"column":23},"end":{"line":119,"column":11}},"118":{"start":{"line":109,"column":12},"end":{"line":118,"column":15}},"119":{"start":{"line":110,"column":16},"end":{"line":117,"column":17}},"120":{"start":{"line":112,"column":24},"end":{"line":112,"column":45}},"121":{"start":{"line":113,"column":24},"end":{"line":113,"column":122}},"122":{"start":{"line":115,"column":24},"end":{"line":115,"column":50}},"123":{"start":{"line":116,"column":24},"end":{"line":116,"column":46}},"124":{"start":{"line":122,"column":4},"end":{"line":122,"column":79}},"125":{"start":{"line":124,"column":4},"end":{"line":153,"column":7}},"126":{"start":{"line":125,"column":8},"end":{"line":152,"column":17}},"127":{"start":{"line":125,"column":23},"end":{"line":152,"column":11}},"128":{"start":{"line":127,"column":12},"end":{"line":151,"column":15}},"129":{"start":{"line":128,"column":16},"end":{"line":150,"column":17}},"130":{"start":{"line":130,"column":24},"end":{"line":130,"column":43}},"131":{"start":{"line":131,"column":24},"end":{"line":131,"column":44}},"132":{"start":{"line":132,"column":24},"end":{"line":132,"column":98}},"133":{"start":{
[...]
n":8},"end":{"line":7,"column":78}},"11":{"start":{"line":10,"column":18},"end":{"line":36,"column":1}},"12":{"start":{"line":11,"column":12},"end":{"line":11,"column":104}},"13":{"start":{"line":11,"column":43},"end":{"line":11,"column":68}},"14":{"start":{"line":11,"column":57},"end":{"line":11,"column":68}},"15":{"start":{"line":11,"column":69},"end":{"line":11,"column":81}},"16":{"start":{"line":12,"column":4},"end":{"line":12,"column":157}},"17":{"start":{"line":12,"column":138},"end":{"line":12,"column":150}},"18":{"start":{"line":13,"column":23},"end":{"line":13,"column":68}},"19":{"start":{"line":13,"column":45},"end":{"line":13,"column":65}},"20":{"start":{"line":15,"column":8},"end":{"line":15,"column":70}},"21":{"start":{"line":15,"column":15},"end":{"line":15,"column":70}},"22":{"start":{"line":16,"column":8},"end":{"line":33,"column":66}},"23":{"start":{"line":16,"column":18},"end":{"line":33,"column":66}},"24":{"start":{"line":17,"column":12},"end":{"line":17,"column":169}},"25":{"start":{"line":17,"column":160},"end":{"line":17,"column":169}},"26":{"start":{"line":18,"column":12},"end":{"line":18,"column":52}},"27":{"start":{"line":18,"column":26},"end":{"line":18,"column":52}},"28":{"start":{"line":19,"column":12},"end":{"line":31,"column":13}},"29":{"start":{"line":20,"column":32},"end":{"line":20,"column":39}},"30":{"start":{"line":20,"column":40},"end":{"line":20,"column":46}},"31":{"start":{"line":21,"column":24},"end":{"line":21,"column":34}},"32":{"start":{"line":21,"column":35},"end":{"line":21,"column":72}},"33":{"start":{"line":22,"column":24},"end":{"line":22,"column":34}},"34":{"start":{"line":22,"column":35},"end":{"line":22,"column":45}},"35":{"start":{"line":22,"column":46},"end":{"line":22,"column":55}},"36":{"start":{"line":22,"column":56},"end":{"line":22,"column":65}},"37":{"start":{"line":23,"column":24},"end":{"line":23,"column":41}},"38":{"start":{"line":23,"column":42},"end":{"line":23,"column":55}},"39":{"start":{"line":23,"column":56},"end":{"line":23,"column":65}},"40":{"start":{"line":25,"column":20},"end":{"line":25,"column":128}},"41":{"start":{"line":25,"column":110},"end":{"line":25,"column":116}},"42":{"start":{"line":25,"column":117},"end":{"line":25,"column":126}},"43":{"start":{"line":26,"column":20},"end":{"line":26,"column":106}},"44":{"start":{"line":26,"column":81},"end":{"line":26,"column":97}},"45":{"start":{"line":26,"column":98},"end":{"line":26,"column":104}},"46":{"start":{"line":27,"column":20},"end":{"line":27,"column":89}},"47":{"start":{"line":27,"column":57},"end":{"line":27,"column":72}},"48":{"start":{"line":27,"column":73},"end":{"line":27,"column":80}},"49":{"start":{"line":27,"column":81},"end":{"line":27,"column":87}},"50":{"start":{"line":28,"column":20},"end":{"line":28,"column":87}},"51":{"start":{"line":28,"column":47},"end":{"line":28,"column":62}},"52":{"start":{"line":28,"column":63},"end":{"line":28,"column":78}},"53":{"start":{"line":28,"column":79},"end":{"line":28,"column":85}},"54":{"start":{"line":29,"column":20},"end":{"line":29,"column":42}},"55":{"start":{"line":29,"column":30},"end":{"line":29,"column":42}},"56":{"start":{"line":30,"column":20},"end":{"line":30,"column":33}},"57":{"start":{"line":30,"column":34},"end":{"line":30,"column":43}},"58":{"start":{"line":32,"column":12},"end":{"line":32,"column":39}},"59":{"start":{"line":33,"column":22},"end":{"line":33,"column":34}},"60":{"start":{"line":33,"column":35},"end":{"line":33,"column":41}},"61":{"start":{"line":33,"column":54},"end":{"line":33,"column":64}},"62":{"start":{"line":34,"column":8},"end":{"line":34,"column":35}},"63":{"start":{"line":34,"column":23},"end":{"line":34,"column":35}},"64":{"start":{"line":34,"column":36},"end":{"line":34,"column":89}},"65":{"start":{"line":37,"column":22},"end":{"line":39,"column":1}},"66":{"start":{"line":38,"column":4},"end":{"line":38,"column":62}},"67":{"start":{"line":40,"column":12},"end":{"line":40,"column":16}},"68":{"start":{"line":41,"column":0},"end":{"line":41,"column":62}},"69":{"start":{"line":42,"column":13},"end":{"line":42,"column":28}},"70":{"start":{"line":43,"column":14},"end":{"line":43,"column":30}},"71":{"start":{"line":44,"column":23},"end":{"line":44,"column":74}},"72":{"start":{"line":45,"column":18},"end":{"line":45,"column":55}},"73":{"start":{"line":46,"column":12},"end":{"line":46,"column":39}},"74":{"start":{"line":47,"column":0},"end":{"line":99,"column":3}},"75":{"start":{"line":48,"column":4},"end":{"line":71,"column":7}},"76":{"start":{"line":49,"column":23},"end":{"line":52,"column":9}},"77":{"start":{"line":53,"column":27},"end":{"line":53,"column":35}},"78":{"start":{"line":54,"column":26},"end":{"line":57,"column":9}},"79":{"start":{"line":58,"column":27},"end":{"line":62,"column":9}},"80":{"start":{"line":60,"column":16},"end":{"line":60,"column":62}},"81":{"start":{"line":63,"column":33},"end":{"line":68,"column":9}},"82":{"start":{"line":65,"column":16},"end":{"line":65,"column":60}},"83":{"start":{"line":66,"column":16},"end":{"line":66,"column":53}},"84":{"start":{"line":69,"column":23},"end":{"line":69,"column":71}},"85":{"start":{"line":70,"column":8},"end":{"line":70,"column":63}},"86":{"start":{"line":72,"column":4},"end":{"line":98,"column":7}},"87":{"start":{"line":73,"column":8},"end":{"line":97,"column":17}},"88":{"start":{"line":73,"column":23},"end":{"line":97,"column":11}},"89":{"start":{"line":75,"column":12},"end":{"line":96,"column":15}},"90":{"start":{"line":76,"column":16},"end":{"line":95,"column":17}},"91":{"start":{"line":77,"column":28},"end":{"line":77,"column":68}},"92":{"start":{"line":79,"column":24},"end":{"line":79,"column":40}},"93":{"start":{"line":80,"column":24},"end":{"line":93,"column":27}},"94":{"start":{"line":90,"column":28},"end":{"line":91,"column":42}},"95":{"start":{"line":91,"column":32},"end":{"line":91,"column":42}},"96":{"start":{"line":92,"column":28},"end":{"line":92,"column":35}},"97":{"start":{"line":94,"column":24},"end":{"line":94,"column":46}}},"fnMap":{"0":{"name":"(anonymous_0)","decl":{"start":{"line":2,"column":44},"end":{"line":2,"column":45}},"loc":{"start":{"line":2,"column":89},"end":{"line":9,"column":1}},"line":2},"1":{"name":"(anonymous_1)","decl":{"start":{"line":3,"column":36},"end":{"line":3,"column":37}},"loc":{"start":{"line":3,"column":63},"end":{"line":8,"column":5}},"line":3},"2":{"name":"fulfilled","decl":{"start":{"line":4,"column":17},"end":{"line":4,"column":26}},"loc":{"start":{"line":4,"column":34},"end":{"line":4,"column":99}},"line":4},"3":{"name":"rejected","decl":{"start":{"line":5,"column":17},"end":{"line":5,"column":25}},"loc":{"start":{"line":5,"column":33},"end":{"line":5,"column":102}},"line":5},"4":{"name":"step","decl":{"start":{"line":6,"column":17},"end":{"line":6,"column":21}},"loc":{"start":{"line":6,"column":30},"end":{"line":6,"column":151}},"line":6},"5":{"name":"(anonymous_5)","decl":{"start":{"line":6,"column":76},"end":{"line":6,"column":77}},"loc":{"start":{"line":6,"column":95},"end":{"line":6,"column":121}},"line":6},"6":{"name":"(anonymous_6)","decl":{"start":{"line":10,"column":48},"end":{"line":10,"column":49}},"loc":{"start":{"line":10,"column":73},"end":{"line":36,"column":1}},"line":10},"7":{"name":"(anonymous_7)","decl":{"start":{"line":11,"column":30},"end":{"line":11,"column":31}},"loc":{"start":{"line":11,"column":41},"end":{"line":11,"column":83}},"line":11},"8":{"name":"(anonymous_8)","decl":{"start":{"line":12,"column":125},"end":{"line":12,"column":126}},"loc":{"start":{"line":12,"column":136},"end":{"line":12,"column":152}},"line":12},"9":{"name":"verb","decl":{"start":{"line":13,"column":13},"end":{"line":13,"column":17}},"loc":{"start":{"line":13,"column":21},"end":{"line":13,"column":70}},"line":13},"10":{"name":"(anonymous_10)","decl":{"start":{"line":13,"column":30},"end":{"line":13,"column":31}},"loc":{"start":{"line":13,"column":43},"end":{"line":13,"column":67}},"line":13},"11":{"name":"step","decl":{"start":{"line":14,"column":13},"end":{"line":14,"column":17}},"loc":{"start":{"line":14,"column":22},"end":{"line":35,"column":5}},"line":14},"12":{"name":"(anonymous_12)","decl":{"start":{"line":37,"column":56},"end":{"line":37,"column":57}},"loc":{"start":{"line":37,"column":71},"end":{"line":39,"column":1}},"line":37},"13":{"name":"(anonymous_13)","decl":{"start":{"line":47,"column":46},"end":{"line":47,"column":47}},"loc":{"start":{"line":47,"column":58},"end":{"line":99,"column":1}},"line":47},"14":{"name":"(anonymous_14)","decl":{"start":{"line":48,"column":48},"end":{"line":48,"column":49}},"loc":{"start":{"line":48,"column":60},"end":{"line":71,"column":5}},"line":48},"15":{"name":"(anonymous_15)","decl":{"start":{"line":59,"column":18},"end":{"line":59,"column":19}},"loc":{"start":{"line":59,"column":36},"end":{"line":61,"column":13}},"line":59},"16":{"name":"(anonymous_16)","decl":{"start":{"line":64,"column":18},"end":{"line":64,"column":19}},"loc":{"start":{"line":64,"column":34},"end":{"line":67,"column":13}},"line":64},"17":{"name":"(anonymous_17)","decl":{"start":{"line":72,"column":61},"end":{"line":72,"column":62}},"loc":{"start":{"line":72,"column":77},"end":{"line":98,"column":5}},"line":72},"18":{"name":"(anonymous_18)","decl":{"start":{"line":73,"column":9},"end":{"line":73,"column":10}},"loc":{"start":{"line":73,"column":21},"end":{"line":97,"column":13}},"line":73},"19":{"name":"(anonymous_19)","decl":{"start":{"line":73,"column":63},"end":{"line":73,"column":64}},"loc":{"start":{"line":73,"column":75},"end":{"line":97,"column":9}},"line":73},"20":{"name":"(anonymous_20)","decl":{"start":{"line":75,"column":37},"end":{"line":75,"column":38}},"loc":{"start":{"line":75,"column":51},"end":{"line":96,"column":13}},"line":75},"21":{"name":"(anonymous_21)","decl":{"start":{"line":89,"column":33},"end":{"line":89,"column":34}},"loc":{"start":{"line":89,"column":48},"end":{"line":93,"column":25}},"line":89}},"branchMap":{"0":{"loc":{"start":{"line":2,"column":16},"end":{"line":9,"column":1}},"type":"binary-expr","locations":[{"start":{"line":2,"column":17},"end":{"line":2,"column":21}},{"start":{"line":2,"column":25},"end":{"line":2,"column":39}},{"start":{"line":2,"column":44},"end":{"line":9,"column":1}}],"line":2},"1":{"loc":{"start":{"line":3,"column":16},"end":{"line":3,"column":34}},"type":"binary-expr","locations":[{"start":{"line":3,"column":16},"end":{"line":3,"column":17}},{"start":{"line":3,"column":22},"end":{"line":3,"column":33}}],"line":3},"2":{"loc":{"start":{"line":6,"column":32},"end":{"line":6,"column":148}},"type":"cond-expr","locations":[{"start":{"line":6,"column":46},"end":{"line":6,"column":67}},{"start":{"line":6,"column":70},"end":{"line":6,"column":148}}],"line":6},"3":{"loc":{"start":{"line":7,"column":51},"end":{"line":7,"column":67}},"type":"binary-expr","locations":[{"start":{"line":7,"column":51},"end":{"line":7,"column":61}},{"start":{"line":7,"column":65},"end":{"line":7,"column":67}}],"line":7},"4":{"loc":{"start":{"line":10,"column":18},"end":{"line":36,"column":1}},"type":"binary-expr","locations":[{"start":{"line":10,"column":19},"end":{"line":10,"column":23}},{"start":{"line":10,"column":27},"end":{"line":10,"column":43}},{"start":{"line":10,"column":48},"end":{"line":36,"column":1}}],"line":10},"5":{"loc":{"start":{"line":11,"column":43},"end":{"line":11,"column":68}},"type":"if","locations":[{"start":{"line":11,"column":43},"end":{"line":11,"column":68}},{"start":{"line":11,"column":43},"end":{"line":11,"column":68}}],"line":11},"6":{"loc":{"start":{"line":12,"column":71},"end":{"line":12,"column":153}},"type":"binary-expr","locations":[{"start":{"line":12,"column":71},"end":{"line":12,"column":99}},{"start":{"line":12,"column":104},"end":{"line":12,"column":152}}],"line":12},"7":{"loc":{"start":{"line":15,"column":8},"end":{"line":15,"column":70}},"type":"if","locations":[{"start":{"line":15,"column":8},"end":{"line":15,"column":70}},{"start":{"line":15,"column":8},"end":{"line":15,"column":70}}],"line":15},"8":{"loc":{"start":{"line":17,"column":12},"end":{"line":17,"column":169}},"type":"if","locations":[{"start":{"line":17,"column":12},"end":{"line":17,"column":169}},{"start":{"line":17,"column":12},"end":{"line":17,"column":169}}],"line":17},"9":{"loc":{"start":{"line":17,"column":23},"end":{"line":17,"column":158}},"type":"binary-expr","locations":[{"start":{"line":17,"column":23},"end":{"line":17,"column":24}},{"start":{"line":17,"column":29},"end":{"line":17,"column":125}},{"start":{"line":17,"column":130},"end":{"line":17,"column":158}}],"line":17},"10":{"loc":{"start":{"line":17,"column":33},"end":{"line":17,"column":125}},"type":"cond-expr","locations":[{"start":{"line":17,"column":45},"end":{"line":17,"column":56}},{"start":{"line":17,"column":59},"end":{"line":17,"column":125}}],"line":17},"11":{"loc":{"start":{"line":17,"column":59},"end":{"line":17,"column":125}},"type":"cond-expr","locations":[{"start":{"line":17,"column":67},"end":{"line":17,"column":116}},{"start":{"line":17,"column":119},"end":{"line":17,"column":125}}],"line":17},"12":{"loc":{"start":{"line":17,"column":67},"end":{"line":17,"column":116}},"type":"binary-expr","locations":[{"start":{"line":17,"column":67},"end":{"line":17,"column":77}},{"start":{"line":17,"column":82},"end":{"line":17,"column":115}}],"line":17},"13":{"loc":{"start":{"line":17,"column":82},"end":{"line":17,"column":112}},"type":"binary-expr","locations":[{"start":{"line":17,"column":83},"end":{"line":17,"column":98}},{"start":{"line":17,"column":103},"end":{"line":17,"column":112}}],"line":17},"14":{"loc":{"start":{"line":18,"column":12},"end":{"line":18,"column":52}},"type":"if","locations":[{"start":{"line":18,"column":12},"end":{"line":18,"column":52}},{"start":{"line":18,"column":12},"end":{"line":18,"column":52}}],"line":18},"15":{"loc":{"start":{"line":19,"column":12},"end":{"line":31,"column":13}},"type":"switch","locations":[{"start":{"line":20,"column":16},"end":{"line":20,"column":23}},{"start":{"line":20,"column":24},"end":{"line":20,"column":46}},{"start":{"line":21,"column":16},"end":{"line":21,"column":72}},{"start":{"line":22,"column":16},"end":{"line":22,"column":65}},{"start":{"line":23,"column":16},"end":{"line":23,"column":65}},{"start":{"line":24,"column":16},"end":{"line":30,"column":43}}],"line":19},"16":{"loc":{"start":{"line":25,"column":20},"end":{"line":25,"column":128}},"type":"if","locations":[{"start":{"line":25,"column":20},"end":{"line":25,"column":128}},{"start":{"line":25,"column":20},"end":{"line":25,"column":128}}],"line":25},"17":{"loc":{"start":{"line":25,"column":24},"end":{"line":25,"column":106}},"type":"binary-expr","locations":[{"start":{"line":25,"column":24},"end":{"line":25,"column":74}},{"start":{"line":25,"column":79},"end":{"line":25,"column":90}},{"start":{"line":25,"column":94},"end":{"line":25,"column":105}}],"line":25},"18":{"loc":{"start":{"line":25,"column":42},"end":{"line":25,"column":73}},"type":"binary-expr","locations":[{"start":{"line":25,"column":42},"end":{"line":25,"column":54}},{"start":{"line":25,"column":58},"end":{"line":25,"column":73}}],"line":25},"19":{"loc":{"start":{"line":26,"column":20},"end":{"line":26,"column":106}},"type":"if","locations":[{"start":{"line":26,"column":20},"end":{"line":26,"column":106}},{"start":{"line":26,"column":20},"end":{"line":26,"column":106}}],"line":26},"20":{"loc":{"start":{"line":26,"column":24},"end":{"line":26,"column":77}},"type":"binary-expr","locations":[{"start":{"line":26,"column":24},"end":{"line":26,"column":35}},{"start":{"line":26,"column":40},"end":{"line":26,"column":42}},{"start":{"line":26,"column":47},"end":{"line":26,"column":59}},{"start":{"line":26,"column":63},"end":{"line":26,"column":75}}],"line":26},"21":{"loc":{"start":{"line":27,"column":20},"end":{"line":27,"column":89}},"type":"if","locations":[{"start":{"line":27,"column":20},"end":{"line":27,"column":89}},{"start":{"line":27,"column":20},"end":{"line":27,"column":89}}],"line":27},"22":{"loc":{"start":{"line":27,"column":24},"end":{"line":27,"column":53}},"type":"binary-expr","locations":[{"start":{"line":27,"column":24},"end":{"line":27,"column":35}},{"start":{"line":27,"column":39},"end":{"line":27,"column":53}}],"line":27},"23":{"loc":{"start":{"line":28,"column":20},"end":{"line":28,"column":87}},"type":"if","locations":[{"start":{"line":28,"column":20},"end":{"line":28,"column":87}},{"start":{"line":28,"column":20},"end":{"line":28,"column":87}}],"line":28},"24":{"loc":{"start":{"line":28,"column":24},"end":{"line":28,"column":43}},"type":"binary-expr","locations":[{"start":{"line":28,"column":24},"end":{"line":28,"column":25}},{"start":{"line":28,"column":29},"end":{"line":28,"column":43}}],"line":28},"25":{"loc":{"start":{"line":29,"column":20},"end":{"line":29,"column":42}},"type":"if","locations":[{"start":{"line":29,"column":20},"end":{"line":29,"column":42}},{"start":{"line":29,"column":20},"end":{"line":29,"column":42}}],"line":29},"26":{"loc":{"start":{"line":34,"column":8},"end":{"line":34,"column":35}},"type":"if","locations":[{"start":{"line":34,"column":8},"end":{"line":34,"column":35}},{"start":{"line":34,"column":8},"end":{"line":34,"column":35}}],"line":34},"27":{"loc":{"start":{"line":34,"column":52},"end":{"line":34,"column":74}},"type":"cond-expr","locations":[{"start":{"line":34,"column":60},"end":{"line":34,"column":65}},{"start":{"line":34,"column":68},"end":{"line":34,"column":74}}],"line":34},"28":{"loc":{"start":{"line":37,"column":22},"end":{"line":39,"column":1}},"type":"binary-expr","locations":[{"start":{"line":37,"column":23},"end":{"line":37,"column":27}},{"start":{"line":37,"column":31},"end":{"line":37,"column":51}},{"start":{"line":37,"column":56},"end":{"line":39,"column":1}}],"line":37},"29":{"loc":{"start":{"line":38,"column":11},"end":{"line":38,"column":61}},"type":"cond-expr","locations":[{"start":{"line":38,"column":37},"end":{"line":38,"column":40}},{"start":{"line":38,"column":43},"end":{"line":38,"column":61}}],"line":38},"30":{"loc":{"start":{"line":38,"column":12},"end":{"line":38,"column":33}},"type":"binary-expr","locations":[{"start":{"line":38,"column":12},"end":{"line":38,"column":15}},{"start":{"line":38,"column":19},"end":{"line":38,"column":33}}],"line":38},"31":{"loc":{"start":{"line":76,"column":16},"end":{"line":95,"column":17}},"type":"switch","locations":[{"start":{"line":77,"column":20},"end":{"line":77,"column":68}},{"start":{"line":78,"column":20},"end":{"line":94,"column":46}}],"line":76},"32":{"loc":{"start":{"line":90,"column":28},"end":{"line":91,"column":42}},"type":"if","locations":[{"start":{"line":90,"column":28},"end":{"line":91,"column":42}},{"start":{"line":90,"column":28},"end":{"line":91,"column":42}}],"line":90}},"s":{"0":0,"1":0,"2":0,"3":0,"4":0,"5":0,"6":0,"7":0,"8":0,"9":0,"10":0,"11":0,"12":0,"13":0,"14":0,"15":0,"16":0,"17":0,"18":0,"19":0,"20":0,"21":0,"22":0,"23":0,"24":0,"25":0,"26":0,"27":0,"28":0,"29":0,"30":0,"31":0,"32":0,"33":0,"34":0,"35":0,"36":0,"37":0,"38":0,"39":0,"40":0,"41":0,"42":0,"43":0,"44":0,"45":0,"46":0,"47":0,"48":0,"49":0,"50":0,"51":0,"52":0,"53":0,"54":0,"55":0,"56":0,"57":0,"58":0,"59":0,"60":0,"61":0,"62":0,"63":0,"64":0,"65":0,"66":0,"67":0,"68":0,"69":0,"70":0,"71":0,"72":0,"73":0,"74":0,"75":0,"76":0,"77":0,"78":0,"79":0,"80":0,"81":0,"82":0,"83":0,"84":0,"85":0,"86":0,"87":0,"88":0,"89":0,"90":0,"91":0,"92":0,"93":0,"94":0,"95":0,"96":0,"97":0},"f":{"0":0,"1":0,"2":0,"3":0,"4":0,"5":0,"6":0,"7":0,"8":0,"9":0,"10":0,"11":0,"12":0,"13":0,"14":0,"15":0,"16":0,"17":0,"18":0,"19":0,"20":0,"21":0},"b":{"0":[0,0,0],"1":[0,0],"2":[0,0],"3":[0,0],"4":[0,0,0],"5":[0,0],"6":[0,0],"7":[0,0],"8":[0,0],"9":[0,0,0],"10":[0,0],"11":[0,0],"12":[0,0],"13":[0,0],"14":[0,0],"15":[0,0,0,0,0,0],"16":[0,0],"17":[0,0,0],"18":[0,0],"19":[0,0],"20":[0,0,0,0],"21":[0,0],"22":[0,0],"23":[0,0],"24":[0,0],"25":[0,0],"26":[0,0],"27":[0,0],"28":[0,0,0],"29":[0,0],"30":[0,0],"31":[0,0],"32":[0,0]}}}